/zhome/5e/a/152106/.lsbatch/1778062416.28367553.shell: line 1: schema_version:: command not found
/zhome/5e/a/152106/.lsbatch/1778062416.28367553.shell: line 2: dataset_version:: command not found
/zhome/5e/a/152106/.lsbatch/1778062416.28367553.shell: line 4: output:: command not found
/zhome/5e/a/152106/.lsbatch/1778062416.28367553.shell: line 5: variables:: command not found
/zhome/5e/a/152106/.lsbatch/1778062416.28367553.shell: line 6: static:: command not found
/zhome/5e/a/152106/.lsbatch/1778062416.28367553.shell: line 7: state:: command not found
/zhome/5e/a/152106/.lsbatch/1778062416.28367553.shell: line 9: coord_ranges:: command not found
/zhome/5e/a/152106/.lsbatch/1778062416.28367553.shell: line 10: time:: command not found
/zhome/5e/a/152106/.lsbatch/1778062416.28367553.shell: line 11: start:: command not found
/zhome/5e/a/152106/.lsbatch/1778062416.28367553.shell: line 12: end:: command not found
/zhome/5e/a/152106/.lsbatch/1778062416.28367553.shell: line 14: splitting:: command not found
/zhome/5e/a/152106/.lsbatch/1778062416.28367553.shell: line 15: dim:: command not found
/zhome/5e/a/152106/.lsbatch/1778062416.28367553.shell: line 16: splits:: command not found
/zhome/5e/a/152106/.lsbatch/1778062416.28367553.shell: line 17: train:: command not found
/zhome/5e/a/152106/.lsbatch/1778062416.28367553.shell: line 18: start:: command not found
/zhome/5e/a/152106/.lsbatch/1778062416.28367553.shell: line 19: end:: command not found
/zhome/5e/a/152106/.lsbatch/1778062416.28367553.shell: line 20: compute_statistics:: command not found
/zhome/5e/a/152106/.lsbatch/1778062416.28367553.shell: line 21: ops:: command not found
/zhome/5e/a/152106/.lsbatch/1778062416.28367553.shell: line 22: dims:: command not found
/zhome/5e/a/152106/.lsbatch/1778062416.28367553.shell: line 23: val:: command not found
/zhome/5e/a/152106/.lsbatch/1778062416.28367553.shell: line 24: start:: command not found
/zhome/5e/a/152106/.lsbatch/1778062416.28367553.shell: line 25: end:: command not found
/zhome/5e/a/152106/.lsbatch/1778062416.28367553.shell: line 26: test:: command not found
/zhome/5e/a/152106/.lsbatch/1778062416.28367553.shell: line 27: start:: command not found
/zhome/5e/a/152106/.lsbatch/1778062416.28367553.shell: line 28: end:: command not found
/zhome/5e/a/152106/.lsbatch/1778062416.28367553.shell: line 30: inputs:: command not found
/zhome/5e/a/152106/.lsbatch/1778062416.28367553.shell: line 31: wave_sphere:: command not found
/zhome/5e/a/152106/.lsbatch/1778062416.28367553.shell: line 32: path:: command not found
/zhome/5e/a/152106/.lsbatch/1778062416.28367553.shell: line 33: dims:: command not found
/zhome/5e/a/152106/.lsbatch/1778062416.28367553.shell: line 34: variables:: command not found
/zhome/5e/a/152106/.lsbatch/1778062416.28367553.shell: line 35: -: command not found
/zhome/5e/a/152106/.lsbatch/1778062416.28367553.shell: line 36: dim_mapping:: command not found
/zhome/5e/a/152106/.lsbatch/1778062416.28367553.shell: line 37: time:: command not found
/zhome/5e/a/152106/.lsbatch/1778062416.28367553.shell: line 38: method:: command not found
/zhome/5e/a/152106/.lsbatch/1778062416.28367553.shell: line 39: dim:: command not found
/zhome/5e/a/152106/.lsbatch/1778062416.28367553.shell: line 40: grid_index:: command not found
/zhome/5e/a/152106/.lsbatch/1778062416.28367553.shell: line 41: method:: command not found
/zhome/5e/a/152106/.lsbatch/1778062416.28367553.shell: line 42: dim:: command not found
/zhome/5e/a/152106/.lsbatch/1778062416.28367553.shell: line 43: ensemble_member:: command not found
/zhome/5e/a/152106/.lsbatch/1778062416.28367553.shell: line 44: method:: command not found
/zhome/5e/a/152106/.lsbatch/1778062416.28367553.shell: line 45: dim:: command not found
/zhome/5e/a/152106/.lsbatch/1778062416.28367553.shell: line 46: state_feature:: command not found
/zhome/5e/a/152106/.lsbatch/1778062416.28367553.shell: line 47: method:: command not found
/zhome/5e/a/152106/.lsbatch/1778062416.28367553.shell: line 48: name_format:: command not found
/zhome/5e/a/152106/.lsbatch/1778062416.28367553.shell: line 49: target_output_variable:: command not found
/zhome/5e/a/152106/.lsbatch/1778062416.28367553.shell: line 51: wave_sphere_static:: command not found
/zhome/5e/a/152106/.lsbatch/1778062416.28367553.shell: line 52: path:: command not found
/zhome/5e/a/152106/.lsbatch/1778062416.28367553.shell: line 53: dims:: command not found
/zhome/5e/a/152106/.lsbatch/1778062416.28367553.shell: line 54: variables:: command not found
/zhome/5e/a/152106/.lsbatch/1778062416.28367553.shell: line 55: -: command not found
/zhome/5e/a/152106/.lsbatch/1778062416.28367553.shell: line 56: -: command not found
/zhome/5e/a/152106/.lsbatch/1778062416.28367553.shell: line 57: -: command not found
/zhome/5e/a/152106/.lsbatch/1778062416.28367553.shell: line 58: dim_mapping:: command not found
/zhome/5e/a/152106/.lsbatch/1778062416.28367553.shell: line 59: grid_index:: command not found
/zhome/5e/a/152106/.lsbatch/1778062416.28367553.shell: line 60: method:: command not found
/zhome/5e/a/152106/.lsbatch/1778062416.28367553.shell: line 61: dim:: command not found
/zhome/5e/a/152106/.lsbatch/1778062416.28367553.shell: line 62: static_feature:: command not found
/zhome/5e/a/152106/.lsbatch/1778062416.28367553.shell: line 63: method:: command not found
/zhome/5e/a/152106/.lsbatch/1778062416.28367553.shell: line 64: name_format:: command not found
/zhome/5e/a/152106/.lsbatch/1778062416.28367553.shell: line 65: target_output_variable:: command not found
/zhome/5e/a/152106/.lsbatch/1778062416.28367553.shell: line 67: extra:: command not found
/zhome/5e/a/152106/.lsbatch/1778062416.28367553.shell: line 68: projection:: command not found
/zhome/5e/a/152106/.lsbatch/1778062416.28367553.shell: line 69: class_name:: command not found
/zhome/5e/a/152106/.lsbatch/1778062416.28367553.shell: line 70: kwargs:: command not found

------------------------------------------------------------
Sender: LSF System <lsfadmin@hpc.dtu.dk>
Subject: Job 28367553: <NONAME> in cluster <dcc> Exited

Job <NONAME> was submitted from host <hpclogin1> by user <s201205> in cluster <dcc> at Wed May  6 12:13:36 2026
Job was executed on host(s) <n-62-31-22>, in queue <hpc>, as user <s201205> in cluster <dcc> at Wed May  6 12:13:37 2026
</zhome/5e/a/152106> was used as the home directory.
</zhome/5e/a/152106/code_masters> was used as the working directory.
Started at Wed May  6 12:13:37 2026
Terminated at Wed May  6 12:13:38 2026
Results reported at Wed May  6 12:13:38 2026

Your job looked like:

------------------------------------------------------------
# LSBATCH: User input
schema_version: v0.6.0
dataset_version: v0.1.0

output:
  variables:
    static: [grid_index, static_feature]
    state: [time, grid_index, state_feature, ensemble_member]
    
  coord_ranges:
    time:
      start: 0
      end: 7.393404112806504
      
  splitting:
    dim: ensemble_member 
    splits:
      train:
        start: 40
        end: 64
        compute_statistics:
          ops: [mean, std, diff_mean, diff_std]
          dims: [grid_index, time, ensemble_member]
      val:
        start: 0
        end: 19 
      test:
        start: 20
        end: 39

inputs:
  wave_sphere:
    path: GNN_training/one_wave/nc_files/wave_140_ts_600_g4_sigmamin_15.nc
    dims: [time, grid_index, ensemble_member]
    variables:
      - u
    dim_mapping:
      time:
        method: rename
        dim: time
      grid_index:
        method: rename
        dim: grid_index
      ensemble_member:
        method: rename
        dim: ensemble_member
      state_feature:
        method: stack_variables_by_var_name
        name_format: "{var_name}"
    target_output_variable: state


(... more ...)
------------------------------------------------------------

Exited with exit code 127.

Resource usage summary:

    CPU time :                                   0.54 sec.
    Max Memory :                                 -
    Average Memory :                             -
    Total Requested Memory :                     1024.00 MB
    Delta Memory :                               -
    Max Swap :                                   -
    Max Processes :                              -
    Max Threads :                                -
    Run time :                                   1 sec.
    Turnaround time :                            2 sec.

The output (if any) is above this job summary.

