/bin/bash: line 1: GNN_training/one_wave/different_training_size/jobs_scripts/train_5.sh: Permission denied

------------------------------------------------------------
Sender: LSF System <lsfadmin@hpc.dtu.dk>
Subject: Job 28420885: <NONAME> in cluster <dcc> Exited

Job <NONAME> was submitted from host <hpclogin1> by user <s201205> in cluster <dcc> at Wed May 13 08:37:46 2026
Job was executed on host(s) <n-62-31-5>, in queue <hpc>, as user <s201205> in cluster <dcc> at Wed May 13 08:37:47 2026
</zhome/5e/a/152106> was used as the home directory.
</zhome/5e/a/152106/code_masters> was used as the working directory.
Started at Wed May 13 08:37:47 2026
Terminated at Wed May 13 08:37:48 2026
Results reported at Wed May 13 08:37:48 2026

Your job looked like:

------------------------------------------------------------
# LSBATCH: User input
GNN_training/one_wave/different_training_size/jobs_scripts/train_5.sh
------------------------------------------------------------

Exited with exit code 126.

Resource usage summary:

    CPU time :                                   0.46 sec.
    Max Memory :                                 -
    Average Memory :                             -
    Total Requested Memory :                     1024.00 MB
    Delta Memory :                               -
    Max Swap :                                   -
    Max Processes :                              -
    Max Threads :                                -
    Run time :                                   1 sec.
    Turnaround time :                            2 sec.

The output (if any) is above this job summary.

