/zhome/5e/a/152106/code_masters/.venv/lib/python3.11/site-packages/torch/cuda/__init__.py:61: FutureWarning: The pynvml package is deprecated. Please install nvidia-ml-py instead. If you did not install pynvml directly, please report this to the maintainers of the package that installed pynvml for you.
  import pynvml  # type: ignore[import]
Seed set to 42
2026-05-31 00:10:11.425 | WARNING  | neural_lam.datastore.mdp:__init__:69 - Config file has been modified since zarr was created. The old zarr archive (in GNN_training/one_wave/yaml_files/wave_6Tmax.zarr) will be used.To generate new zarr-archive, move the old one first.
2026-05-31 00:10:11.633 | INFO     | neural_lam.utils:log_on_rank_zero:457 - The loaded datastore contains the following features:
2026-05-31 00:10:11.634 | INFO     | neural_lam.utils:log_on_rank_zero:457 -  state   : u
/zhome/5e/a/152106/code_masters/neural-lam/neural_lam/datastore/mdp.py:210: UserWarning: no forcing or static data found in datastore
  warnings.warn("no forcing or static data found in datastore")
2026-05-31 00:10:11.635 | INFO     | neural_lam.utils:log_on_rank_zero:457 -  static  : x_static y_static z_static
2026-05-31 00:10:11.635 | INFO     | neural_lam.utils:log_on_rank_zero:457 - With the following splits (over time):
2026-05-31 00:10:11.698 | INFO     | neural_lam.utils:log_on_rank_zero:457 -  train   : 100 to 149
2026-05-31 00:10:11.715 | INFO     | neural_lam.utils:log_on_rank_zero:457 -  val     : 0 to 49
2026-05-31 00:10:11.732 | INFO     | neural_lam.utils:log_on_rank_zero:457 -  test    : 50 to 99
2026-05-31 00:10:12.087 | INFO     | neural_lam.utils:log_on_rank_zero:457 - Loaded graph with 20484 nodes (10242 grid, 10242 mesh)
2026-05-31 00:10:12.095 | INFO     | neural_lam.utils:log_on_rank_zero:457 - Edges in subgraphs: m2m=61440, g2m=10242, m2g=10242
2026-05-31 00:10:12.105 | INFO     | neural_lam.utils:setup_training_logger:514 - Wandb resume mode: None (id: None)
GPU available: True (cuda), used: True
TPU available: False, using: 0 TPU cores
💡 Tip: For seamless cloud logging and experiment tracking, try installing [litlogger](https://pypi.org/project/litlogger/) to enable LitLogger, which logs metrics and artifacts automatically to the Lightning Experiments platform.
wandb: WARNING The anonymous setting has no effect and will be removed in a future version.
wandb: [wandb.login()] Loaded credentials for https://api.wandb.ai from /zhome/5e/a/152106/.netrc.
wandb: Currently logged in as: s201205 (s201205-danmarks-tekniske-universitet-dtu) to https://api.wandb.ai. Use `wandb login --relogin` to force relogin
wandb: setting up run vkmo7mp6
wandb: Tracking run with wandb version 0.25.1
wandb: Run data is saved locally in wandb/run-20260531_001016-vkmo7mp6
wandb: Run `wandb offline` to turn off syncing.
wandb: Syncing run newsetup_3mp
wandb: ⭐️ View project at https://wandb.ai/s201205-danmarks-tekniske-universitet-dtu/different_training_size
wandb: 🚀 View run at https://wandb.ai/s201205-danmarks-tekniske-universitet-dtu/different_training_size/runs/vkmo7mp6
/zhome/5e/a/152106/code_masters/neural-lam/neural_lam/datastore/mdp.py:295: UserWarning: no forcing or static data found in datastore
  warnings.warn("no forcing or static data found in datastore")
2026-05-31 00:10:19.131 | INFO     | neural_lam.weather_dataset:_precompute_samples:166 - Precomputing train samples in memory
2026-05-31 00:10:34.205 | INFO     | neural_lam.weather_dataset:_precompute_samples:297 - Precomputed arrays: init=(4850, 2, 10242, 1), target=(4850, 1, 10242, 1), forcing=(4850, 1, 10242, 0), times=(4850, 1)
/zhome/5e/a/152106/code_masters/neural-lam/neural_lam/datastore/mdp.py:295: UserWarning: no forcing or static data found in datastore
  warnings.warn("no forcing or static data found in datastore")
2026-05-31 00:10:34.238 | INFO     | neural_lam.weather_dataset:_precompute_samples:166 - Precomputing val samples in memory
2026-05-31 00:10:49.739 | INFO     | neural_lam.weather_dataset:_precompute_samples:297 - Precomputed arrays: init=(4400, 2, 10242, 1), target=(4400, 10, 10242, 1), forcing=(4400, 10, 10242, 0), times=(4400, 10)
LOCAL_RANK: 0 - CUDA_VISIBLE_DEVICES: [0]
/zhome/5e/a/152106/code_masters/.venv/lib/python3.11/site-packages/pytorch_lightning/utilities/_pytree.py:21: `isinstance(treespec, LeafSpec)` is deprecated, use `isinstance(treespec, TreeSpec) and treespec.is_leaf()` instead.
/zhome/5e/a/152106/code_masters/.venv/lib/python3.11/site-packages/pytorch_lightning/trainer/connectors/data_connector.py:434: The 'val_dataloader' does not have many workers which may be a bottleneck. Consider increasing the value of the `num_workers` argument` to `num_workers=3` in the `DataLoader` to improve performance.
/zhome/5e/a/152106/code_masters/.venv/lib/python3.11/site-packages/pytorch_lightning/utilities/_pytree.py:21: `isinstance(treespec, LeafSpec)` is deprecated, use `isinstance(treespec, TreeSpec) and treespec.is_leaf()` instead.
/zhome/5e/a/152106/code_masters/.venv/lib/python3.11/site-packages/pytorch_lightning/trainer/connectors/data_connector.py:434: The 'train_dataloader' does not have many workers which may be a bottleneck. Consider increasing the value of the `num_workers` argument` to `num_workers=3` in the `DataLoader` to improve performance.
`Trainer.fit` stopped: `max_steps=60000` reached.
