/zhome/5e/a/152106/code_masters/.venv/bin/python
Python 3.11.15
Tue May 12 15:06:57 2026       
+-----------------------------------------------------------------------------------------+
| NVIDIA-SMI 580.126.20             Driver Version: 580.126.20     CUDA Version: 13.0     |
+-----------------------------------------+------------------------+----------------------+
| GPU  Name                 Persistence-M | Bus-Id          Disp.A | Volatile Uncorr. ECC |
| Fan  Temp   Perf          Pwr:Usage/Cap |           Memory-Usage | GPU-Util  Compute M. |
|                                         |                        |               MIG M. |
|=========================================+========================+======================|
|   0  Tesla V100-SXM2-32GB           On  |   00000000:3A:00.0 Off |                    0 |
| N/A   32C    P0             41W /  300W |       0MiB /  32768MiB |      0%   E. Process |
|                                         |                        |                  N/A |
+-----------------------------------------+------------------------+----------------------+

+-----------------------------------------------------------------------------------------+
| Processes:                                                                              |
|  GPU   GI   CI              PID   Type   Process name                        GPU Memory |
|        ID   ID                                                               Usage      |
|=========================================================================================|
|  No running processes found                                                             |
+-----------------------------------------------------------------------------------------+
/zhome/5e/a/152106/code_masters/.venv/bin/python
Python 3.11.15
Tue May 12 15:11:14 2026       
+-----------------------------------------------------------------------------------------+
| NVIDIA-SMI 580.159.03             Driver Version: 580.159.03     CUDA Version: 13.0     |
+-----------------------------------------+------------------------+----------------------+
| GPU  Name                 Persistence-M | Bus-Id          Disp.A | Volatile Uncorr. ECC |
| Fan  Temp   Perf          Pwr:Usage/Cap |           Memory-Usage | GPU-Util  Compute M. |
|                                         |                        |               MIG M. |
|=========================================+========================+======================|
|   0  Tesla V100-PCIE-32GB           On  |   00000000:D8:00.0 Off |                    0 |
| N/A   39C    P0             27W /  250W |       0MiB /  32768MiB |      0%   E. Process |
|                                         |                        |                  N/A |
+-----------------------------------------+------------------------+----------------------+

+-----------------------------------------------------------------------------------------+
| Processes:                                                                              |
|  GPU   GI   CI              PID   Type   Process name                        GPU Memory |
|        ID   ID                                                               Usage      |
|=========================================================================================|
|  No running processes found                                                             |
+-----------------------------------------------------------------------------------------+
torch.cuda.is_available(): True
device_name: cuda
devices arg: auto
┏━━━┳━━━━━━━━━━━━━━━━━━━┳━━━━━━━━━━━━━━━━━━━┳━━━━━━━━┳━━━━━━━┳━━━━━━━┓
┃   ┃ Name              ┃ Type              ┃ Params ┃ Mode  ┃ FLOPs ┃
┡━━━╇━━━━━━━━━━━━━━━━━━━╇━━━━━━━━━━━━━━━━━━━╇━━━━━━━━╇━━━━━━━╇━━━━━━━┩
│ 0 │ grid_embedder     │ Sequential        │  4.7 K │ train │     0 │
│ 1 │ g2m_embedder      │ Sequential        │  4.5 K │ train │     0 │
│ 2 │ m2g_embedder      │ Sequential        │  4.5 K │ train │     0 │
│ 3 │ g2m_gnn           │ InteractionNet    │ 29.2 K │ train │     0 │
│ 4 │ encoding_grid_mlp │ Sequential        │  8.4 K │ train │     0 │
│ 5 │ m2g_gnn           │ InteractionNet    │ 29.2 K │ train │     0 │
│ 6 │ output_map        │ Sequential        │  4.2 K │ train │     0 │
│ 7 │ mesh_embedder     │ Sequential        │  4.5 K │ train │     0 │
│ 8 │ m2m_embedder      │ Sequential        │  4.5 K │ train │     0 │
│ 9 │ processor         │ Sequential_236a80 │ 29.2 K │ train │     0 │
└───┴───────────────────┴───────────────────┴────────┴───────┴───────┘
Trainable params: 123 K                                                         
Non-trainable params: 0                                                         
Total params: 123 K                                                             
Total estimated model params size (MB): 0                                       
Modules in train mode: 71                                                       
Modules in eval mode: 0                                                         
Total FLOPs: 0                                                                  
Epoch 709/9999 ━━━━━━━━━━━━━━━ 19/19 0:00:00 •       19.92it/s v_num: lwzr      
                                     0:00:00                   train_loss_step: 
                                                               0.000            
                                                               train_loss_epoch:
                                                               0.000            
Validation     ━━━━━━━━━╸      59/93 0:00:18 •       3.21it/s                   
                                     0:00:11                                    
/zhome/5e/a/152106/code_masters/.venv/bin/python
Python 3.11.15
Tue May 12 17:15:53 2026       
+-----------------------------------------------------------------------------------------+
| NVIDIA-SMI 580.159.03             Driver Version: 580.159.03     CUDA Version: 13.0     |
+-----------------------------------------+------------------------+----------------------+
| GPU  Name                 Persistence-M | Bus-Id          Disp.A | Volatile Uncorr. ECC |
| Fan  Temp   Perf          Pwr:Usage/Cap |           Memory-Usage | GPU-Util  Compute M. |
|                                         |                        |               MIG M. |
|=========================================+========================+======================|
|   0  Tesla V100-PCIE-32GB           On  |   00000000:58:00.0 Off |                    0 |
| N/A   54C    P0             53W /  250W |       0MiB /  32768MiB |      0%   E. Process |
|                                         |                        |                  N/A |
+-----------------------------------------+------------------------+----------------------+

+-----------------------------------------------------------------------------------------+
| Processes:                                                                              |
|  GPU   GI   CI              PID   Type   Process name                        GPU Memory |
|        ID   ID                                                               Usage      |
|=========================================================================================|
|  No running processes found                                                             |
+-----------------------------------------------------------------------------------------+
torch.cuda.is_available(): True
device_name: cuda
devices arg: auto
┏━━━┳━━━━━━━━━━━━━━━━━━━┳━━━━━━━━━━━━━━━━━━━┳━━━━━━━━┳━━━━━━━┳━━━━━━━┓
┃   ┃ Name              ┃ Type              ┃ Params ┃ Mode  ┃ FLOPs ┃
┡━━━╇━━━━━━━━━━━━━━━━━━━╇━━━━━━━━━━━━━━━━━━━╇━━━━━━━━╇━━━━━━━╇━━━━━━━┩
│ 0 │ grid_embedder     │ Sequential        │  4.7 K │ train │     0 │
│ 1 │ g2m_embedder      │ Sequential        │  4.5 K │ train │     0 │
│ 2 │ m2g_embedder      │ Sequential        │  4.5 K │ train │     0 │
│ 3 │ g2m_gnn           │ InteractionNet    │ 29.2 K │ train │     0 │
│ 4 │ encoding_grid_mlp │ Sequential        │  8.4 K │ train │     0 │
│ 5 │ m2g_gnn           │ InteractionNet    │ 29.2 K │ train │     0 │
│ 6 │ output_map        │ Sequential        │  4.2 K │ train │     0 │
│ 7 │ mesh_embedder     │ Sequential        │  4.5 K │ train │     0 │
│ 8 │ m2m_embedder      │ Sequential        │  4.5 K │ train │     0 │
│ 9 │ processor         │ Sequential_b700cd │ 29.2 K │ train │     0 │
└───┴───────────────────┴───────────────────┴────────┴───────┴───────┘
Trainable params: 123 K                                                         
Non-trainable params: 0                                                         
Total params: 123 K                                                             
Total estimated model params size (MB): 0                                       
Modules in train mode: 71                                                       
Modules in eval mode: 0                                                         
Total FLOPs: 0                                                                  
Epoch 191/9999 ━━━━━━━━━━━━━━━ 19/19 0:00:00 •       21.16it/s v_num: y30l      
                                     0:00:00                   train_loss_step: 
                                                               0.000            
                                                               train_loss_epoch:
                                                               0.000            
Validation     ━━━━━━━━━━━     69/93 0:00:21 •       3.24it/s                   
                                     0:00:08                                    
