/zhome/5e/a/152106/code_masters/.venv/bin/python
Python 3.11.15
Tue May 12 14:00:12 2026       
+-----------------------------------------------------------------------------------------+
| NVIDIA-SMI 580.126.20             Driver Version: 580.126.20     CUDA Version: 13.0     |
+-----------------------------------------+------------------------+----------------------+
| GPU  Name                 Persistence-M | Bus-Id          Disp.A | Volatile Uncorr. ECC |
| Fan  Temp   Perf          Pwr:Usage/Cap |           Memory-Usage | GPU-Util  Compute M. |
|                                         |                        |               MIG M. |
|=========================================+========================+======================|
|   0  Tesla V100-SXM2-32GB           On  |   00000000:15:00.0 Off |                    0 |
| N/A   41C    P0             69W /  300W |       0MiB /  32768MiB |      0%   E. Process |
|                                         |                        |                  N/A |
+-----------------------------------------+------------------------+----------------------+

+-----------------------------------------------------------------------------------------+
| Processes:                                                                              |
|  GPU   GI   CI              PID   Type   Process name                        GPU Memory |
|        ID   ID                                                               Usage      |
|=========================================================================================|
|  No running processes found                                                             |
+-----------------------------------------------------------------------------------------+
/zhome/5e/a/152106/code_masters/.venv/bin/python
Python 3.11.15
Tue May 12 17:24:55 2026       
+-----------------------------------------------------------------------------------------+
| NVIDIA-SMI 580.126.20             Driver Version: 580.126.20     CUDA Version: 13.0     |
+-----------------------------------------+------------------------+----------------------+
| GPU  Name                 Persistence-M | Bus-Id          Disp.A | Volatile Uncorr. ECC |
| Fan  Temp   Perf          Pwr:Usage/Cap |           Memory-Usage | GPU-Util  Compute M. |
|                                         |                        |               MIG M. |
|=========================================+========================+======================|
|   0  Tesla V100-SXM2-32GB           On  |   00000000:3A:00.0 Off |                    0 |
| N/A   38C    P0             70W /  300W |       0MiB /  32768MiB |      0%   E. Process |
|                                         |                        |                  N/A |
+-----------------------------------------+------------------------+----------------------+

+-----------------------------------------------------------------------------------------+
| Processes:                                                                              |
|  GPU   GI   CI              PID   Type   Process name                        GPU Memory |
|        ID   ID                                                               Usage      |
|=========================================================================================|
|  No running processes found                                                             |
+-----------------------------------------------------------------------------------------+
torch.cuda.is_available(): True
device_name: cuda
devices arg: auto
в”Ҹв”Ғв”Ғв”Ғв”ів”Ғв”Ғв”Ғв”Ғв”Ғв”Ғв”Ғв”Ғв”Ғв”Ғв”Ғв”Ғв”Ғв”Ғв”Ғв”Ғв”Ғв”Ғв”Ғв”ів”Ғв”Ғв”Ғв”Ғв”Ғв”Ғв”Ғв”Ғв”Ғв”Ғв”Ғв”Ғв”Ғв”Ғв”Ғв”Ғв”Ғв”Ғв”Ғв”ів”Ғв”Ғв”Ғв”Ғв”Ғв”Ғв”Ғв”Ғв”ів”Ғв”Ғв”Ғв”Ғв”Ғв”Ғв”Ғв”ів”Ғв”Ғв”Ғв”Ғв”Ғв”Ғв”Ғв”“
в”ғ   в”ғ Name              в”ғ Type              в”ғ Params в”ғ Mode  в”ғ FLOPs в”ғ
в”Ўв”Ғв”Ғв”Ғв•Үв”Ғв”Ғв”Ғв”Ғв”Ғв”Ғв”Ғв”Ғв”Ғв”Ғв”Ғв”Ғв”Ғв”Ғв”Ғв”Ғв”Ғв”Ғв”Ғв•Үв”Ғв”Ғв”Ғв”Ғв”Ғв”Ғв”Ғв”Ғв”Ғв”Ғв”Ғв”Ғв”Ғв”Ғв”Ғв”Ғв”Ғв”Ғв”Ғв•Үв”Ғв”Ғв”Ғв”Ғв”Ғв”Ғв”Ғв”Ғв•Үв”Ғв”Ғв”Ғв”Ғв”Ғв”Ғв”Ғв•Үв”Ғв”Ғв”Ғв”Ғв”Ғв”Ғв”Ғв”©
в”Ӯ 0 в”Ӯ grid_embedder     в”Ӯ Sequential        в”Ӯ  4.7 K в”Ӯ train в”Ӯ     0 в”Ӯ
в”Ӯ 1 в”Ӯ g2m_embedder      в”Ӯ Sequential        в”Ӯ  4.5 K в”Ӯ train в”Ӯ     0 в”Ӯ
в”Ӯ 2 в”Ӯ m2g_embedder      в”Ӯ Sequential        в”Ӯ  4.5 K в”Ӯ train в”Ӯ     0 в”Ӯ
в”Ӯ 3 в”Ӯ g2m_gnn           в”Ӯ InteractionNet    в”Ӯ 29.2 K в”Ӯ train в”Ӯ     0 в”Ӯ
в”Ӯ 4 в”Ӯ encoding_grid_mlp в”Ӯ Sequential        в”Ӯ  8.4 K в”Ӯ train в”Ӯ     0 в”Ӯ
в”Ӯ 5 в”Ӯ m2g_gnn           в”Ӯ InteractionNet    в”Ӯ 29.2 K в”Ӯ train в”Ӯ     0 в”Ӯ
в”Ӯ 6 в”Ӯ output_map        в”Ӯ Sequential        в”Ӯ  4.2 K в”Ӯ train в”Ӯ     0 в”Ӯ
в”Ӯ 7 в”Ӯ mesh_embedder     в”Ӯ Sequential        в”Ӯ  4.5 K в”Ӯ train в”Ӯ     0 в”Ӯ
в”Ӯ 8 в”Ӯ m2m_embedder      в”Ӯ Sequential        в”Ӯ  4.5 K в”Ӯ train в”Ӯ     0 в”Ӯ
в”Ӯ 9 в”Ӯ processor         в”Ӯ Sequential_cca458 в”Ӯ 29.2 K в”Ӯ train в”Ӯ     0 в”Ӯ
в””в”Җв”Җв”Җв”ҙв”Җв”Җв”Җв”Җв”Җв”Җв”Җв”Җв”Җв”Җв”Җв”Җв”Җв”Җв”Җв”Җв”Җв”Җв”Җв”ҙв”Җв”Җв”Җв”Җв”Җв”Җв”Җв”Җв”Җв”Җв”Җв”Җв”Җв”Җв”Җв”Җв”Җв”Җв”Җв”ҙв”Җв”Җв”Җв”Җв”Җв”Җв”Җв”Җв”ҙв”Җв”Җв”Җв”Җв”Җв”Җв”Җв”ҙв”Җв”Җв”Җв”Җв”Җв”Җв”Җв”ҳ
Trainable params: 123 K                                                         
Non-trainable params: 0                                                         
Total params: 123 K                                                             
Total estimated model params size (MB): 0                                       
Modules in train mode: 71                                                       
Modules in eval mode: 0                                                         
Total FLOPs: 0                                                                  
Epoch 112/999999 в”Ғв”Ғв”Ғв”Ғв”Ғв”Ғв”Ғв”Ғв”Ғв”Ғв”Ғв”Ғв”Ғв”Ғ 467/467 0:00:22 вҖў      21.17it/s v_num: 6jqu    
                                        0:00:00                  train_loss_steвҖҰ
                                                                 0.000          
                                                                 train_loss_epoвҖҰ
                                                                 0.000          
Validation       в”Ғв”Ғв”Ғв”Ғв”Ғв•ё         39/93   0:00:11 вҖў      3.44it/s                 
                                        0:00:16                                 
