/zhome/5e/a/152106/code_masters/.venv/lib/python3.11/site-packages/torch/cuda/__init__.py:61: FutureWarning: The pynvml package is deprecated. Please install nvidia-ml-py instead. If you did not install pynvml directly, please report this to the maintainers of the package that installed pynvml for you.
  import pynvml  # type: ignore[import]
Seed set to 42
2026-05-26 17:59:16.775 | ERROR    | __main__:<module>:454 - An error has been caught in function '<module>', process 'MainProcess' (3424162), thread 'MainThread' (139881619228480):
Traceback (most recent call last):

  File "<frozen runpy>", line 198, in _run_module_as_main
  File "<frozen runpy>", line 88, in _run_code

> File "/zhome/5e/a/152106/code_masters/neural-lam/neural_lam/train_model.py", line 454, in <module>
    main()
    └ <function main at 0x7f378817b6a0>

  File "/zhome/5e/a/152106/code_masters/neural-lam/neural_lam/train_model.py", line 334, in main
    config, datastore = load_config_and_datastore(config_path=args.config_path)
                        │                                     │    └ 'GNN_training/one_wave/yaml_files/doubledt/wave_75_train.yaml'
                        │                                     └ Namespace(config_path='GNN_training/one_wave/yaml_files/doubledt/wave_75_train.yaml', model='graph_lam', seed=42, num_workers...
                        └ <function load_config_and_datastore at 0x7f38b9d00cc0>

  File "/zhome/5e/a/152106/code_masters/neural-lam/neural_lam/config.py", line 174, in load_config_and_datastore
    config = NeuralLAMConfig.from_yaml_file(config_path)
             │               │              └ 'GNN_training/one_wave/yaml_files/doubledt/wave_75_train.yaml'
             │               └ <classmethod(<function YAMLWizard.from_yaml_file at 0x7f3790d3ba60>)>
             └ <class 'neural_lam.config.NeuralLAMConfig'>

  File "/zhome/5e/a/152106/code_masters/.venv/lib/python3.11/site-packages/dataclass_wizard/wizard_mixins.py", line 172, in from_yaml_file
    return cls.from_yaml(in_file, decoder=decoder,
           │   │         │                └ None
           │   │         └ <_io.TextIOWrapper name='GNN_training/one_wave/yaml_files/doubledt/wave_75_train.yaml' mode='r' encoding='UTF-8'>
           │   └ <classmethod(<function YAMLWizard.from_yaml at 0x7f3790d3b9c0>)>
           └ <class 'neural_lam.config.NeuralLAMConfig'>
  File "/zhome/5e/a/152106/code_masters/.venv/lib/python3.11/site-packages/dataclass_wizard/wizard_mixins.py", line 164, in from_yaml
    return fromdict(cls, o) if isinstance(o, dict) else fromlist(cls, o)
           │        │    │                │             │        │    └ {'schema_version': 'v0.6.0', 'dataset_version': 'v0.1.0', 'output': {'variables': {'static': ['grid_index', 'static_feature']...
           │        │    │                │             │        └ <class 'neural_lam.config.NeuralLAMConfig'>
           │        │    │                │             └ <function fromlist at 0x7f3790d39b20>
           │        │    │                └ {'schema_version': 'v0.6.0', 'dataset_version': 'v0.1.0', 'output': {'variables': {'static': ['grid_index', 'static_feature']...
           │        │    └ {'schema_version': 'v0.6.0', 'dataset_version': 'v0.1.0', 'output': {'variables': {'static': ['grid_index', 'static_feature']...
           │        └ <class 'neural_lam.config.NeuralLAMConfig'>
           └ <function fromdict at 0x7f3790d39a80>
  File "/zhome/5e/a/152106/code_masters/.venv/lib/python3.11/site-packages/dataclass_wizard/loaders.py", line 571, in fromdict
    return load(d)
           │    └ {'schema_version': 'v0.6.0', 'dataset_version': 'v0.1.0', 'output': {'variables': {'static': ['grid_index', 'static_feature']...
           └ <function NeuralLAMConfig.cls_fromdict at 0x7f3788007b00>
  File "<string>", line 35, in cls_fromdict

dataclass_wizard.errors.MissingFields: Failure calling constructor method of class `NeuralLAMConfig`. Missing values for required dataclass fields.
  have fields: []
  missing fields: ['datastore']
  input JSON object: {"schema_version": "v0.6.0", "dataset_version": "v0.1.0", "output": {"variables": {"static": ["grid_index", "static_feature"], "state": ["time", "grid_index", "state_feature", "ensemble_member"]}, "coord_ranges": {"time": {"start": 0, "end": 6.268148970026472}}, "chunking": {"state_feature": 1, "ensemble_member": 50, "time": 405, "grid_index": 2562, "static_feature": 3}, "splitting": {"dim": "ensemble_member", "splits": {"train": {"start": 100, "end": 174, "compute_statistics": {"ops": ["mean", "std", "diff_mean", "diff_std"], "dims": ["grid_index", "time", "ensemble_member"]}}, "val": {"start": 0, "end": 49}, "test": {"start": 50, "end": 99}}}}, "inputs": {"wave_sphere": {"path": "GNN_training/one_wave/nc_files/wave_200_ts_405_g4_sigmamin_6.nc", "dims": ["time", "grid_index", "ensemble_member"], "variables": ["u"], "dim_mapping": {"time": {"method": "rename", "dim": "time"}, "grid_index": {"method": "rename", "dim": "grid_index"}, "ensemble_member": {"method": "rename", "dim": "ensemble_member"}, "state_feature": {"method": "stack_variables_by_var_name", "name_format": "{var_name}"}}, "target_output_variable": "state"}, "wave_sphere_static": {"path": "GNN_training/one_wave/nc_files/wave_200_ts_405_g4_sigmamin_6.nc", "dims": ["grid_index"], "variables": ["x_static", "y_static", "z_static"], "dim_mapping": {"grid_index": {"method": "rename", "dim": "grid_index"}, "static_feature": {"method": "stack_variables_by_var_name", "name_format": "{var_name}"}}, "target_output_variable": "static"}}, "extra": {"projection": {"class_name": "PlateCarree", "kwargs": {}}}}
  error: NeuralLAMConfig.__init__() missing 1 required positional argument: 'datastore'
Traceback (most recent call last):
  File "<frozen runpy>", line 198, in _run_module_as_main
  File "<frozen runpy>", line 88, in _run_code
  File "/zhome/5e/a/152106/code_masters/neural-lam/neural_lam/train_model.py", line 454, in <module>
    main()
  File "/zhome/5e/a/152106/code_masters/.venv/lib/python3.11/site-packages/loguru/_logger.py", line 1297, in catch_wrapper
    return function(*args, **kwargs)
           ^^^^^^^^^^^^^^^^^^^^^^^^^
  File "/zhome/5e/a/152106/code_masters/neural-lam/neural_lam/train_model.py", line 334, in main
    config, datastore = load_config_and_datastore(config_path=args.config_path)
                        ^^^^^^^^^^^^^^^^^^^^^^^^^^^^^^^^^^^^^^^^^^^^^^^^^^^^^^^
  File "/zhome/5e/a/152106/code_masters/neural-lam/neural_lam/config.py", line 174, in load_config_and_datastore
    config = NeuralLAMConfig.from_yaml_file(config_path)
             ^^^^^^^^^^^^^^^^^^^^^^^^^^^^^^^^^^^^^^^^^^^
  File "/zhome/5e/a/152106/code_masters/.venv/lib/python3.11/site-packages/dataclass_wizard/wizard_mixins.py", line 172, in from_yaml_file
    return cls.from_yaml(in_file, decoder=decoder,
           ^^^^^^^^^^^^^^^^^^^^^^^^^^^^^^^^^^^^^^^
  File "/zhome/5e/a/152106/code_masters/.venv/lib/python3.11/site-packages/dataclass_wizard/wizard_mixins.py", line 164, in from_yaml
    return fromdict(cls, o) if isinstance(o, dict) else fromlist(cls, o)
           ^^^^^^^^^^^^^^^^
  File "/zhome/5e/a/152106/code_masters/.venv/lib/python3.11/site-packages/dataclass_wizard/loaders.py", line 571, in fromdict
    return load(d)
           ^^^^^^^
  File "<string>", line 35, in cls_fromdict
dataclass_wizard.errors.MissingFields: Failure calling constructor method of class `NeuralLAMConfig`. Missing values for required dataclass fields.
  have fields: []
  missing fields: ['datastore']
  input JSON object: {"schema_version": "v0.6.0", "dataset_version": "v0.1.0", "output": {"variables": {"static": ["grid_index", "static_feature"], "state": ["time", "grid_index", "state_feature", "ensemble_member"]}, "coord_ranges": {"time": {"start": 0, "end": 6.268148970026472}}, "chunking": {"state_feature": 1, "ensemble_member": 50, "time": 405, "grid_index": 2562, "static_feature": 3}, "splitting": {"dim": "ensemble_member", "splits": {"train": {"start": 100, "end": 174, "compute_statistics": {"ops": ["mean", "std", "diff_mean", "diff_std"], "dims": ["grid_index", "time", "ensemble_member"]}}, "val": {"start": 0, "end": 49}, "test": {"start": 50, "end": 99}}}}, "inputs": {"wave_sphere": {"path": "GNN_training/one_wave/nc_files/wave_200_ts_405_g4_sigmamin_6.nc", "dims": ["time", "grid_index", "ensemble_member"], "variables": ["u"], "dim_mapping": {"time": {"method": "rename", "dim": "time"}, "grid_index": {"method": "rename", "dim": "grid_index"}, "ensemble_member": {"method": "rename", "dim": "ensemble_member"}, "state_feature": {"method": "stack_variables_by_var_name", "name_format": "{var_name}"}}, "target_output_variable": "state"}, "wave_sphere_static": {"path": "GNN_training/one_wave/nc_files/wave_200_ts_405_g4_sigmamin_6.nc", "dims": ["grid_index"], "variables": ["x_static", "y_static", "z_static"], "dim_mapping": {"grid_index": {"method": "rename", "dim": "grid_index"}, "static_feature": {"method": "stack_variables_by_var_name", "name_format": "{var_name}"}}, "target_output_variable": "static"}}, "extra": {"projection": {"class_name": "PlateCarree", "kwargs": {}}}}
  error: NeuralLAMConfig.__init__() missing 1 required positional argument: 'datastore'
/zhome/5e/a/152106/code_masters/.venv/lib/python3.11/site-packages/torch/cuda/__init__.py:61: FutureWarning: The pynvml package is deprecated. Please install nvidia-ml-py instead. If you did not install pynvml directly, please report this to the maintainers of the package that installed pynvml for you.
  import pynvml  # type: ignore[import]
Seed set to 42
2026-05-26 19:32:56.452 | WARNING  | neural_lam.datastore.mdp:__init__:69 - Config file has been modified since zarr was created. The old zarr archive (in GNN_training/one_wave/yaml_files/doubledt/wave_75_train.zarr) will be used.To generate new zarr-archive, move the old one first.
2026-05-26 19:32:56.645 | INFO     | neural_lam.utils:log_on_rank_zero:457 - The loaded datastore contains the following features:
2026-05-26 19:32:56.645 | INFO     | neural_lam.utils:log_on_rank_zero:457 -  state   : u
/zhome/5e/a/152106/code_masters/neural-lam/neural_lam/datastore/mdp.py:210: UserWarning: no forcing or static data found in datastore
  warnings.warn("no forcing or static data found in datastore")
2026-05-26 19:32:56.647 | INFO     | neural_lam.utils:log_on_rank_zero:457 -  static  : x_static y_static z_static
2026-05-26 19:32:56.648 | INFO     | neural_lam.utils:log_on_rank_zero:457 - With the following splits (over time):
2026-05-26 19:32:56.689 | INFO     | neural_lam.utils:log_on_rank_zero:457 -  train   : 100 to 174
2026-05-26 19:32:56.699 | INFO     | neural_lam.utils:log_on_rank_zero:457 -  val     : 0 to 49
2026-05-26 19:32:56.709 | INFO     | neural_lam.utils:log_on_rank_zero:457 -  test    : 50 to 99
2026-05-26 19:32:57.435 | INFO     | neural_lam.utils:log_on_rank_zero:457 - Loaded graph with 5124 nodes (2562 grid, 2562 mesh)
2026-05-26 19:32:57.449 | INFO     | neural_lam.utils:log_on_rank_zero:457 - Edges in subgraphs: m2m=15360, g2m=2562, m2g=2562
2026-05-26 19:32:57.459 | INFO     | neural_lam.utils:setup_training_logger:514 - Wandb resume mode: None (id: None)
GPU available: True (cuda), used: True
TPU available: False, using: 0 TPU cores
💡 Tip: For seamless cloud logging and experiment tracking, try installing [litlogger](https://pypi.org/project/litlogger/) to enable LitLogger, which logs metrics and artifacts automatically to the Lightning Experiments platform.
wandb: WARNING The anonymous setting has no effect and will be removed in a future version.
wandb: [wandb.login()] Loaded credentials for https://api.wandb.ai from /zhome/5e/a/152106/.netrc.
wandb: Currently logged in as: s201205 (s201205-danmarks-tekniske-universitet-dtu) to https://api.wandb.ai. Use `wandb login --relogin` to force relogin
wandb: setting up run qcfz09io
wandb: Tracking run with wandb version 0.25.1
wandb: Run data is saved locally in wandb/run-20260526_193301-qcfz09io
wandb: Run `wandb offline` to turn off syncing.
wandb: Syncing run train_75_doubledt
wandb: ⭐️ View project at https://wandb.ai/s201205-danmarks-tekniske-universitet-dtu/different_training_size
wandb: 🚀 View run at https://wandb.ai/s201205-danmarks-tekniske-universitet-dtu/different_training_size/runs/qcfz09io
/zhome/5e/a/152106/code_masters/neural-lam/neural_lam/datastore/mdp.py:295: UserWarning: no forcing or static data found in datastore
  warnings.warn("no forcing or static data found in datastore")
2026-05-26 19:33:05.513 | INFO     | neural_lam.weather_dataset:_precompute_samples:166 - Precomputing train samples in memory
2026-05-26 19:33:43.194 | INFO     | neural_lam.weather_dataset:_precompute_samples:297 - Precomputed arrays: init=(30150, 2, 2562, 1), target=(30150, 1, 2562, 1), forcing=(30150, 1, 2562, 0), times=(30150, 1)
/zhome/5e/a/152106/code_masters/neural-lam/neural_lam/datastore/mdp.py:295: UserWarning: no forcing or static data found in datastore
  warnings.warn("no forcing or static data found in datastore")
2026-05-26 19:33:43.260 | INFO     | neural_lam.weather_dataset:_precompute_samples:166 - Precomputing val samples in memory
2026-05-26 19:34:01.765 | INFO     | neural_lam.weather_dataset:_precompute_samples:297 - Precomputed arrays: init=(1350, 2, 2562, 1), target=(1350, 10, 2562, 1), forcing=(1350, 10, 2562, 0), times=(1350, 10)
LOCAL_RANK: 0 - CUDA_VISIBLE_DEVICES: [0]
/zhome/5e/a/152106/code_masters/.venv/lib/python3.11/site-packages/pytorch_lightning/utilities/_pytree.py:21: `isinstance(treespec, LeafSpec)` is deprecated, use `isinstance(treespec, TreeSpec) and treespec.is_leaf()` instead.
/zhome/5e/a/152106/code_masters/.venv/lib/python3.11/site-packages/pytorch_lightning/trainer/connectors/data_connector.py:434: The 'val_dataloader' does not have many workers which may be a bottleneck. Consider increasing the value of the `num_workers` argument` to `num_workers=3` in the `DataLoader` to improve performance.
/zhome/5e/a/152106/code_masters/.venv/lib/python3.11/site-packages/pytorch_lightning/utilities/_pytree.py:21: `isinstance(treespec, LeafSpec)` is deprecated, use `isinstance(treespec, TreeSpec) and treespec.is_leaf()` instead.
/zhome/5e/a/152106/code_masters/.venv/lib/python3.11/site-packages/pytorch_lightning/trainer/connectors/data_connector.py:434: The 'train_dataloader' does not have many workers which may be a bottleneck. Consider increasing the value of the `num_workers` argument` to `num_workers=3` in the `DataLoader` to improve performance.
`Trainer.fit` stopped: `max_steps=350000` reached.
