/zhome/5e/a/152106/code_masters/.venv/lib/python3.11/site-packages/torch/cuda/__init__.py:61: FutureWarning: The pynvml package is deprecated. Please install nvidia-ml-py instead. If you did not install pynvml directly, please report this to the maintainers of the package that installed pynvml for you.
  import pynvml  # type: ignore[import]
Seed set to 42
2026-05-25 01:20:39.081 | INFO     | neural_lam.utils:log_on_rank_zero:457 - The loaded datastore contains the following features:
2026-05-25 01:20:39.082 | INFO     | neural_lam.utils:log_on_rank_zero:457 -  state   : u
/zhome/5e/a/152106/code_masters/neural-lam/neural_lam/datastore/mdp.py:210: UserWarning: no forcing or static data found in datastore
  warnings.warn("no forcing or static data found in datastore")
2026-05-25 01:20:39.084 | INFO     | neural_lam.utils:log_on_rank_zero:457 -  static  : x_static y_static z_static
2026-05-25 01:20:39.084 | INFO     | neural_lam.utils:log_on_rank_zero:457 - With the following splits (over time):
2026-05-25 01:20:39.117 | INFO     | neural_lam.utils:log_on_rank_zero:457 -  train   : 100 to 149
2026-05-25 01:20:39.146 | INFO     | neural_lam.utils:log_on_rank_zero:457 -  val     : 0 to 49
2026-05-25 01:20:39.174 | INFO     | neural_lam.utils:log_on_rank_zero:457 -  test    : 50 to 99
2026-05-25 01:20:39.421 | INFO     | neural_lam.utils:log_on_rank_zero:457 - Loaded graph with 5124 nodes (2562 grid, 2562 mesh)
2026-05-25 01:20:39.426 | INFO     | neural_lam.utils:log_on_rank_zero:457 - Edges in subgraphs: m2m=15360, g2m=2562, m2g=2562
2026-05-25 01:20:39.436 | INFO     | neural_lam.utils:setup_training_logger:514 - Wandb resume mode: None (id: None)
GPU available: True (cuda), used: True
TPU available: False, using: 0 TPU cores
💡 Tip: For seamless cloud logging and experiment tracking, try installing [litlogger](https://pypi.org/project/litlogger/) to enable LitLogger, which logs metrics and artifacts automatically to the Lightning Experiments platform.
wandb: WARNING The anonymous setting has no effect and will be removed in a future version.
wandb: [wandb.login()] Loaded credentials for https://api.wandb.ai from /zhome/5e/a/152106/.netrc.
wandb: Currently logged in as: s201205 (s201205-danmarks-tekniske-universitet-dtu) to https://api.wandb.ai. Use `wandb login --relogin` to force relogin
wandb: setting up run a5du2lr8
wandb: Tracking run with wandb version 0.25.1
wandb: Run data is saved locally in wandb/run-20260525_012044-a5du2lr8
wandb: Run `wandb offline` to turn off syncing.
wandb: Syncing run train_50
wandb: ⭐️ View project at https://wandb.ai/s201205-danmarks-tekniske-universitet-dtu/different_training_size
wandb: 🚀 View run at https://wandb.ai/s201205-danmarks-tekniske-universitet-dtu/different_training_size/runs/a5du2lr8
/zhome/5e/a/152106/code_masters/neural-lam/neural_lam/datastore/mdp.py:295: UserWarning: no forcing or static data found in datastore
  warnings.warn("no forcing or static data found in datastore")
2026-05-25 01:20:47.464 | INFO     | neural_lam.weather_dataset:_precompute_samples:166 - Precomputing train samples in memory
2026-05-25 01:21:13.133 | INFO     | neural_lam.weather_dataset:_precompute_samples:297 - Precomputed arrays: init=(40350, 2, 2562, 1), target=(40350, 1, 2562, 1), forcing=(40350, 1, 2562, 0), times=(40350, 1)
/zhome/5e/a/152106/code_masters/neural-lam/neural_lam/datastore/mdp.py:295: UserWarning: no forcing or static data found in datastore
  warnings.warn("no forcing or static data found in datastore")
2026-05-25 01:21:13.208 | INFO     | neural_lam.weather_dataset:_precompute_samples:166 - Precomputing val samples in memory
2026-05-25 01:21:37.364 | INFO     | neural_lam.weather_dataset:_precompute_samples:297 - Precomputed arrays: init=(2700, 2, 2562, 1), target=(2700, 10, 2562, 1), forcing=(2700, 10, 2562, 0), times=(2700, 10)
LOCAL_RANK: 0 - CUDA_VISIBLE_DEVICES: [0]
/zhome/5e/a/152106/code_masters/.venv/lib/python3.11/site-packages/pytorch_lightning/utilities/_pytree.py:21: `isinstance(treespec, LeafSpec)` is deprecated, use `isinstance(treespec, TreeSpec) and treespec.is_leaf()` instead.
/zhome/5e/a/152106/code_masters/.venv/lib/python3.11/site-packages/pytorch_lightning/trainer/connectors/data_connector.py:434: The 'val_dataloader' does not have many workers which may be a bottleneck. Consider increasing the value of the `num_workers` argument` to `num_workers=3` in the `DataLoader` to improve performance.
/zhome/5e/a/152106/code_masters/.venv/lib/python3.11/site-packages/pytorch_lightning/utilities/_pytree.py:21: `isinstance(treespec, LeafSpec)` is deprecated, use `isinstance(treespec, TreeSpec) and treespec.is_leaf()` instead.
/zhome/5e/a/152106/code_masters/.venv/lib/python3.11/site-packages/pytorch_lightning/trainer/connectors/data_connector.py:434: The 'train_dataloader' does not have many workers which may be a bottleneck. Consider increasing the value of the `num_workers` argument` to `num_workers=3` in the `DataLoader` to improve performance.
chmod: write error: No space left on device
/etc/profile: line 73: 0: No space left on device
/etc/profile: line 73: 0: No space left on device
/etc/profile: line 73: 0: No space left on device
/etc/profile: line 73: 0: No space left on device
/etc/profile: line 73: 0: No space left on device
/etc/profile: line 73: 0: No space left on device
/etc/profile: line 73: 0: No space left on device
/etc/profile: line 73: 0: No space left on device
/etc/profile: line 73: 0: No space left on device
/etc/profile: line 73: 0: No space left on device
/etc/profile: line 73: 0: No space left on device
/etc/profile: line 73: 0: No space left on device
/etc/profile: line 73: 0: No space left on device
/etc/profile: line 73: 0: No space left on device
/etc/profile: line 73: 0: No space left on device
/etc/profile: line 73: 0: No space left on device
/etc/profile: line 73: 0: No space left on device
/etc/profile: line 73: 0: No space left on device
/etc/profile: line 73: 0: No space left on device
/etc/profile: line 73: 0: No space left on device
/etc/profile: line 73: 0: No space left on device
/etc/profile: line 73: 0: No space left on device
/etc/profile: line 73: 0: No space left on device
/etc/profile: line 73: 0: No space left on device
/etc/profile: line 73: 0: No space left on device
tty: write error: No space left on device
.venv/bin/activate: line 44: 0: No space left on device
