/zhome/5e/a/152106/code_masters/.venv/bin/python
Python 3.11.15
Tue Apr 28 14:45:28 2026       
+-----------------------------------------------------------------------------------------+
| NVIDIA-SMI 595.58.03              Driver Version: 595.58.03      CUDA Version: 13.2     |
+-----------------------------------------+------------------------+----------------------+
| GPU  Name                 Persistence-M | Bus-Id          Disp.A | Volatile Uncorr. ECC |
| Fan  Temp   Perf          Pwr:Usage/Cap |           Memory-Usage | GPU-Util  Compute M. |
|                                         |                        |               MIG M. |
|=========================================+========================+======================|
|   0  NVIDIA A100-PCIE-40GB          On  |   00000000:86:00.0 Off |                    0 |
| N/A   28C    P0             46W /  250W |       0MiB /  40960MiB |      0%   E. Process |
|                                         |                        |             Disabled |
+-----------------------------------------+------------------------+----------------------+

+-----------------------------------------------------------------------------------------+
| Processes:                                                                              |
|  GPU   GI   CI              PID   Type   Process name                        GPU Memory |
|        ID   ID                                                               Usage      |
|=========================================================================================|
|  No running processes found                                                             |
+-----------------------------------------------------------------------------------------+
torch.cuda.is_available(): True
device_name: cuda
devices arg: auto
┏━━━┳━━━━━━━━━━━━━━━━━━━┳━━━━━━━━━━━━━━━━━━━┳━━━━━━━━┳━━━━━━━┳━━━━━━━┓
┃   ┃ Name              ┃ Type              ┃ Params ┃ Mode  ┃ FLOPs ┃
┡━━━╇━━━━━━━━━━━━━━━━━━━╇━━━━━━━━━━━━━━━━━━━╇━━━━━━━━╇━━━━━━━╇━━━━━━━┩
│ 0 │ grid_embedder     │ Sequential        │  4.7 K │ train │     0 │
│ 1 │ g2m_embedder      │ Sequential        │  4.5 K │ train │     0 │
│ 2 │ m2g_embedder      │ Sequential        │  4.5 K │ train │     0 │
│ 3 │ g2m_gnn           │ InteractionNet    │ 29.2 K │ train │     0 │
│ 4 │ encoding_grid_mlp │ Sequential        │  8.4 K │ train │     0 │
│ 5 │ m2g_gnn           │ InteractionNet    │ 29.2 K │ train │     0 │
│ 6 │ output_map        │ Sequential        │  4.2 K │ train │     0 │
│ 7 │ mesh_embedder     │ Sequential        │  4.5 K │ train │     0 │
│ 8 │ m2m_embedder      │ Sequential        │  4.5 K │ train │     0 │
│ 9 │ processor         │ Sequential_378281 │ 29.2 K │ train │     0 │
└───┴───────────────────┴───────────────────┴────────┴───────┴───────┘
Trainable params: 123 K                                                         
Non-trainable params: 0                                                         
Total params: 123 K                                                             
Total estimated model params size (MB): 0                                       
Modules in train mode: 71                                                       
Modules in eval mode: 0                                                         
Total FLOPs: 0                                                                  
Sanity Checking ━━━━━━━━━━━━━━━━━━━━━━━━━━━━━━━ 2/2 0:00:23 • 0:00:00 7.71it/s 
[1;34mwandb[0m: 
[1;34mwandb[0m: 🚀 View run [33mar10_in_training[0m at: [34mhttps://wandb.ai/s201205-danmarks-tekniske-universitet-dtu/ar_in_training/runs/76l943iq[0m
