/zhome/5e/a/152106/code_masters/.venv/lib/python3.11/site-packages/torch/cuda/__init__.py:65: FutureWarning: The pynvml package is deprecated. Please install nvidia-ml-py instead. If you did not install pynvml directly, please report this to the maintainers of the package that installed pynvml for you.
  import pynvml  # type: ignore[import]
Seed set to 42
2026-04-29 20:35:57.332 | ERROR    | __main__:<module>:415 - An error has been caught in function '<module>', process 'MainProcess' (1478393), thread 'MainThread' (140656226760512):
Traceback (most recent call last):

  File "<frozen runpy>", line 198, in _run_module_as_main
  File "<frozen runpy>", line 88, in _run_code

> File "/zhome/5e/a/152106/code_masters/neural-lam/neural_lam/train_model.py", line 415, in <module>
    main()
    └ <function main at 0x7febb8dab4c0>

  File "/zhome/5e/a/152106/code_masters/neural-lam/neural_lam/train_model.py", line 308, in main
    config, datastore = load_config_and_datastore(config_path=args.config_path)
                        │                                     │    └ 'GNN_training\\one_wave\\yaml_files\\config_wave_28_ts_600_g4_sigmamin_15.yaml'
                        │                                     └ Namespace(config_path='GNN_training\\one_wave\\yaml_files\\config_wave_28_ts_600_g4_sigmamin_15.yaml', model='graph_lam', see...
                        └ <function load_config_and_datastore at 0x7febbda85440>

  File "/zhome/5e/a/152106/code_masters/neural-lam/neural_lam/config.py", line 174, in load_config_and_datastore
    config = NeuralLAMConfig.from_yaml_file(config_path)
             │               │              └ 'GNN_training\\one_wave\\yaml_files\\config_wave_28_ts_600_g4_sigmamin_15.yaml'
             │               └ <classmethod(<function YAMLWizard.from_yaml_file at 0x7febbd946ca0>)>
             └ <class 'neural_lam.config.NeuralLAMConfig'>

  File "/zhome/5e/a/152106/code_masters/.venv/lib/python3.11/site-packages/dataclass_wizard/wizard_mixins.py", line 171, in from_yaml_file
    with open(file) as in_file:
              └ 'GNN_training\\one_wave\\yaml_files\\config_wave_28_ts_600_g4_sigmamin_15.yaml'

FileNotFoundError: [Errno 2] No such file or directory: 'GNN_training\\one_wave\\yaml_files\\config_wave_28_ts_600_g4_sigmamin_15.yaml'
Traceback (most recent call last):
  File "<frozen runpy>", line 198, in _run_module_as_main
  File "<frozen runpy>", line 88, in _run_code
  File "/zhome/5e/a/152106/code_masters/neural-lam/neural_lam/train_model.py", line 415, in <module>
    main()
  File "/zhome/5e/a/152106/code_masters/.venv/lib/python3.11/site-packages/loguru/_logger.py", line 1297, in catch_wrapper
    return function(*args, **kwargs)
           ^^^^^^^^^^^^^^^^^^^^^^^^^
  File "/zhome/5e/a/152106/code_masters/neural-lam/neural_lam/train_model.py", line 308, in main
    config, datastore = load_config_and_datastore(config_path=args.config_path)
                        ^^^^^^^^^^^^^^^^^^^^^^^^^^^^^^^^^^^^^^^^^^^^^^^^^^^^^^^
  File "/zhome/5e/a/152106/code_masters/neural-lam/neural_lam/config.py", line 174, in load_config_and_datastore
    config = NeuralLAMConfig.from_yaml_file(config_path)
             ^^^^^^^^^^^^^^^^^^^^^^^^^^^^^^^^^^^^^^^^^^^
  File "/zhome/5e/a/152106/code_masters/.venv/lib/python3.11/site-packages/dataclass_wizard/wizard_mixins.py", line 171, in from_yaml_file
    with open(file) as in_file:
         ^^^^^^^^^^
FileNotFoundError: [Errno 2] No such file or directory: 'GNN_training\\one_wave\\yaml_files\\config_wave_28_ts_600_g4_sigmamin_15.yaml'
