/zhome/5e/a/152106/code_masters/.venv/lib/python3.11/site-packages/torch/cuda/__init__.py:65: FutureWarning: The pynvml package is deprecated. Please install nvidia-ml-py instead. If you did not install pynvml directly, please report this to the maintainers of the package that installed pynvml for you.
  import pynvml  # type: ignore[import]
Seed set to 42
2026-04-17 07:43:20.213 | INFO     | neural_lam.utils:log_on_rank_zero:457 - The loaded datastore contains the following features:
2026-04-17 07:43:20.213 | INFO     | neural_lam.utils:log_on_rank_zero:457 -  state   : u
/zhome/5e/a/152106/code_masters/neural-lam/neural_lam/datastore/mdp.py:210: UserWarning: no forcing or static data found in datastore
  warnings.warn("no forcing or static data found in datastore")
2026-04-17 07:43:20.231 | INFO     | neural_lam.utils:log_on_rank_zero:457 -  static  : x_static y_static z_static
2026-04-17 07:43:20.231 | INFO     | neural_lam.utils:log_on_rank_zero:457 - With the following splits (over time):
2026-04-17 07:43:20.281 | INFO     | neural_lam.utils:log_on_rank_zero:457 -  train   : 0 to 15
2026-04-17 07:43:20.290 | INFO     | neural_lam.utils:log_on_rank_zero:457 -  val     : 16 to 18
2026-04-17 07:43:20.296 | INFO     | neural_lam.utils:log_on_rank_zero:457 -  test    : 19 to 19
2026-04-17 07:43:21.246 | INFO     | neural_lam.utils:log_on_rank_zero:457 - Loaded graph with 5124 nodes (2562 grid, 2562 mesh)
2026-04-17 07:43:21.258 | INFO     | neural_lam.utils:log_on_rank_zero:457 - Edges in subgraphs: m2m=15360, g2m=2562, m2g=2562
2026-04-17 07:43:21.267 | INFO     | neural_lam.utils:setup_training_logger:514 - Wandb resume mode: None (id: None)
GPU available: True (cuda), used: True
TPU available: False, using: 0 TPU cores
💡 Tip: For seamless cloud logging and experiment tracking, try installing [litlogger](https://pypi.org/project/litlogger/) to enable LitLogger, which logs metrics and artifacts automatically to the Lightning Experiments platform.
wandb: WARNING The anonymous setting has no effect and will be removed in a future version.
wandb: [wandb.login()] Loaded credentials for https://api.wandb.ai from /zhome/5e/a/152106/.netrc.
wandb: Currently logged in as: s201205 (s201205-danmarks-tekniske-universitet-dtu) to https://api.wandb.ai. Use `wandb login --relogin` to force relogin
wandb: setting up run godx8t8z
wandb: Tracking run with wandb version 0.25.1
wandb: Run data is saved locally in wandb/run-20260417_074323-godx8t8z
wandb: Run `wandb offline` to turn off syncing.
wandb: Syncing run train_1mp_ws1_5
wandb: ⭐️ View project at https://wandb.ai/s201205-danmarks-tekniske-universitet-dtu/different%20mp
wandb: 🚀 View run at https://wandb.ai/s201205-danmarks-tekniske-universitet-dtu/different%20mp/runs/godx8t8z
/zhome/5e/a/152106/code_masters/neural-lam/neural_lam/datastore/mdp.py:295: UserWarning: no forcing or static data found in datastore
  warnings.warn("no forcing or static data found in datastore")
/zhome/5e/a/152106/code_masters/neural-lam/neural_lam/datastore/mdp.py:295: UserWarning: no forcing or static data found in datastore
  warnings.warn("no forcing or static data found in datastore")
LOCAL_RANK: 0 - CUDA_VISIBLE_DEVICES: [0]
/zhome/5e/a/152106/code_masters/.venv/lib/python3.11/site-packages/pytorch_lightning/utilities/_pytree.py:21: `isinstance(treespec, LeafSpec)` is deprecated, use `isinstance(treespec, TreeSpec) and treespec.is_leaf()` instead.
/zhome/5e/a/152106/code_masters/.venv/lib/python3.11/site-packages/torch/cuda/__init__.py:65: FutureWarning: The pynvml package is deprecated. Please install nvidia-ml-py instead. If you did not install pynvml directly, please report this to the maintainers of the package that installed pynvml for you.
  import pynvml  # type: ignore[import]
/zhome/5e/a/152106/code_masters/.venv/lib/python3.11/site-packages/torch/cuda/__init__.py:65: FutureWarning: The pynvml package is deprecated. Please install nvidia-ml-py instead. If you did not install pynvml directly, please report this to the maintainers of the package that installed pynvml for you.
  import pynvml  # type: ignore[import]
/zhome/5e/a/152106/code_masters/.venv/lib/python3.11/site-packages/torch/cuda/__init__.py:65: FutureWarning: The pynvml package is deprecated. Please install nvidia-ml-py instead. If you did not install pynvml directly, please report this to the maintainers of the package that installed pynvml for you.
  import pynvml  # type: ignore[import]
/zhome/5e/a/152106/code_masters/.venv/lib/python3.11/site-packages/torch/cuda/__init__.py:65: FutureWarning: The pynvml package is deprecated. Please install nvidia-ml-py instead. If you did not install pynvml directly, please report this to the maintainers of the package that installed pynvml for you.
  import pynvml  # type: ignore[import]
/zhome/5e/a/152106/code_masters/.venv/lib/python3.11/site-packages/pytorch_lightning/utilities/_pytree.py:21: `isinstance(treespec, LeafSpec)` is deprecated, use `isinstance(treespec, TreeSpec) and treespec.is_leaf()` instead.
/zhome/5e/a/152106/code_masters/.venv/lib/python3.11/site-packages/torch/cuda/__init__.py:65: FutureWarning: The pynvml package is deprecated. Please install nvidia-ml-py instead. If you did not install pynvml directly, please report this to the maintainers of the package that installed pynvml for you.
  import pynvml  # type: ignore[import]
/zhome/5e/a/152106/code_masters/.venv/lib/python3.11/site-packages/torch/cuda/__init__.py:65: FutureWarning: The pynvml package is deprecated. Please install nvidia-ml-py instead. If you did not install pynvml directly, please report this to the maintainers of the package that installed pynvml for you.
  import pynvml  # type: ignore[import]
/zhome/5e/a/152106/code_masters/.venv/lib/python3.11/site-packages/torch/cuda/__init__.py:65: FutureWarning: The pynvml package is deprecated. Please install nvidia-ml-py instead. If you did not install pynvml directly, please report this to the maintainers of the package that installed pynvml for you.
  import pynvml  # type: ignore[import]
/zhome/5e/a/152106/code_masters/.venv/lib/python3.11/site-packages/torch/cuda/__init__.py:65: FutureWarning: The pynvml package is deprecated. Please install nvidia-ml-py instead. If you did not install pynvml directly, please report this to the maintainers of the package that installed pynvml for you.
  import pynvml  # type: ignore[import]
Metric val_mean_loss improved. New best score: 0.127
Metric val_mean_loss improved by 0.064 >= min_delta = 0.0001. New best score: 0.063
Metric val_mean_loss improved by 0.018 >= min_delta = 0.0001. New best score: 0.045
Metric val_mean_loss improved by 0.005 >= min_delta = 0.0001. New best score: 0.040
Metric val_mean_loss improved by 0.012 >= min_delta = 0.0001. New best score: 0.027
Metric val_mean_loss improved by 0.005 >= min_delta = 0.0001. New best score: 0.023
Metric val_mean_loss improved by 0.007 >= min_delta = 0.0001. New best score: 0.015
Metric val_mean_loss improved by 0.006 >= min_delta = 0.0001. New best score: 0.009
Monitored metric val_mean_loss did not improve in the last 10 records. Best score: 0.009. Signaling Trainer to stop.
