/zhome/5e/a/152106/code_masters/.venv/bin/python
Python 3.11.15
Fri May 22 00:09:24 2026       
+-----------------------------------------------------------------------------------------+
| NVIDIA-SMI 595.71.05              Driver Version: 595.71.05      CUDA Version: 13.2     |
+-----------------------------------------+------------------------+----------------------+
| GPU  Name                 Persistence-M | Bus-Id          Disp.A | Volatile Uncorr. ECC |
| Fan  Temp   Perf          Pwr:Usage/Cap |           Memory-Usage | GPU-Util  Compute M. |
|                                         |                        |               MIG M. |
|=========================================+========================+======================|
|   0  NVIDIA A100-PCIE-40GB          On  |   00000000:86:00.0 Off |                    0 |
| N/A   37C    P0             36W /  250W |       0MiB /  40960MiB |      0%   E. Process |
|                                         |                        |             Disabled |
+-----------------------------------------+------------------------+----------------------+

+-----------------------------------------------------------------------------------------+
| Processes:                                                                              |
|  GPU   GI   CI              PID   Type   Process name                        GPU Memory |
|        ID   ID                                                               Usage      |
|=========================================================================================|
|  No running processes found                                                             |
+-----------------------------------------------------------------------------------------+
torch.cuda.is_available(): True
device_name: cuda
devices arg: auto
в”Ҹв”Ғв”Ғв”Ғв”ів”Ғв”Ғв”Ғв”Ғв”Ғв”Ғв”Ғв”Ғв”Ғв”Ғв”Ғв”Ғв”Ғв”Ғв”Ғв”Ғв”Ғв”Ғв”Ғв”ів”Ғв”Ғв”Ғв”Ғв”Ғв”Ғв”Ғв”Ғв”Ғв”Ғв”Ғв”Ғв”Ғв”Ғв”Ғв”Ғв”Ғв”Ғв”Ғв”ів”Ғв”Ғв”Ғв”Ғв”Ғв”Ғв”Ғв”Ғв”ів”Ғв”Ғв”Ғв”Ғв”Ғв”Ғв”Ғв”ів”Ғв”Ғв”Ғв”Ғв”Ғв”Ғв”Ғв”“
в”ғ   в”ғ Name              в”ғ Type              в”ғ Params в”ғ Mode  в”ғ FLOPs в”ғ
в”Ўв”Ғв”Ғв”Ғв•Үв”Ғв”Ғв”Ғв”Ғв”Ғв”Ғв”Ғв”Ғв”Ғв”Ғв”Ғв”Ғв”Ғв”Ғв”Ғв”Ғв”Ғв”Ғв”Ғв•Үв”Ғв”Ғв”Ғв”Ғв”Ғв”Ғв”Ғв”Ғв”Ғв”Ғв”Ғв”Ғв”Ғв”Ғв”Ғв”Ғв”Ғв”Ғв”Ғв•Үв”Ғв”Ғв”Ғв”Ғв”Ғв”Ғв”Ғв”Ғв•Үв”Ғв”Ғв”Ғв”Ғв”Ғв”Ғв”Ғв•Үв”Ғв”Ғв”Ғв”Ғв”Ғв”Ғв”Ғв”©
в”Ӯ 0 в”Ӯ grid_embedder     в”Ӯ Sequential        в”Ӯ  4.7 K в”Ӯ train в”Ӯ     0 в”Ӯ
в”Ӯ 1 в”Ӯ g2m_embedder      в”Ӯ Sequential        в”Ӯ  4.5 K в”Ӯ train в”Ӯ     0 в”Ӯ
в”Ӯ 2 в”Ӯ m2g_embedder      в”Ӯ Sequential        в”Ӯ  4.5 K в”Ӯ train в”Ӯ     0 в”Ӯ
в”Ӯ 3 в”Ӯ g2m_gnn           в”Ӯ InteractionNet    в”Ӯ 29.2 K в”Ӯ train в”Ӯ     0 в”Ӯ
в”Ӯ 4 в”Ӯ encoding_grid_mlp в”Ӯ Sequential        в”Ӯ  8.4 K в”Ӯ train в”Ӯ     0 в”Ӯ
в”Ӯ 5 в”Ӯ m2g_gnn           в”Ӯ InteractionNet    в”Ӯ 29.2 K в”Ӯ train в”Ӯ     0 в”Ӯ
в”Ӯ 6 в”Ӯ output_map        в”Ӯ Sequential        в”Ӯ  4.2 K в”Ӯ train в”Ӯ     0 в”Ӯ
в”Ӯ 7 в”Ӯ mesh_embedder     в”Ӯ Sequential        в”Ӯ  4.5 K в”Ӯ train в”Ӯ     0 в”Ӯ
в”Ӯ 8 в”Ӯ m2m_embedder      в”Ӯ Sequential        в”Ӯ  4.5 K в”Ӯ train в”Ӯ     0 в”Ӯ
в”Ӯ 9 в”Ӯ processor         в”Ӯ Sequential_08c946 в”Ӯ 29.2 K в”Ӯ train в”Ӯ     0 в”Ӯ
в””в”Җв”Җв”Җв”ҙв”Җв”Җв”Җв”Җв”Җв”Җв”Җв”Җв”Җв”Җв”Җв”Җв”Җв”Җв”Җв”Җв”Җв”Җв”Җв”ҙв”Җв”Җв”Җв”Җв”Җв”Җв”Җв”Җв”Җв”Җв”Җв”Җв”Җв”Җв”Җв”Җв”Җв”Җв”Җв”ҙв”Җв”Җв”Җв”Җв”Җв”Җв”Җв”Җв”ҙв”Җв”Җв”Җв”Җв”Җв”Җв”Җв”ҙв”Җв”Җв”Җв”Җв”Җв”Җв”Җв”ҳ
Trainable params: 123 K                                                         
Non-trainable params: 0                                                         
Total params: 123 K                                                             
Total estimated model params size (MB): 0                                       
Modules in train mode: 71                                                       
Modules in eval mode: 0                                                         
Total FLOPs: 0                                                                  
Epoch 267/-2 в”Ғв”Ғв”Ғв”Ғв”Ғв”Ғв”Ғв”Ғв”Ғв”Ғв”Ғв”Ғв”Ғв”Ғв”Ғ 889/889 0:00:22 вҖў       39.79it/s v_num: qgon      
                                     0:00:00                   train_loss_step: 
                                                               0.000            
                                                               train_loss_epoch:
                                                               0.000            
[1;34mwandb[0m: 
[1;34mwandb[0m: рҹҡҖ View run [33mtrain_0009[0m at: [34mhttps://wandb.ai/s201205-danmarks-tekniske-universitet-dtu/different_LR/runs/cgo3qgon[0m
/zhome/5e/a/152106/code_masters/.venv/bin/python
Python 3.11.15
Sat May 23 14:31:33 2026       
+-----------------------------------------------------------------------------------------+
| NVIDIA-SMI 595.71.05              Driver Version: 595.71.05      CUDA Version: 13.2     |
+-----------------------------------------+------------------------+----------------------+
| GPU  Name                 Persistence-M | Bus-Id          Disp.A | Volatile Uncorr. ECC |
| Fan  Temp   Perf          Pwr:Usage/Cap |           Memory-Usage | GPU-Util  Compute M. |
|                                         |                        |               MIG M. |
|=========================================+========================+======================|
|   0  NVIDIA A100 80GB PCIe          On  |   00000000:65:00.0 Off |                    0 |
| N/A   35C    P0             62W /  300W |       0MiB /  81920MiB |      0%   E. Process |
|                                         |                        |             Disabled |
+-----------------------------------------+------------------------+----------------------+

+-----------------------------------------------------------------------------------------+
| Processes:                                                                              |
|  GPU   GI   CI              PID   Type   Process name                        GPU Memory |
|        ID   ID                                                               Usage      |
|=========================================================================================|
|  No running processes found                                                             |
+-----------------------------------------------------------------------------------------+
/zhome/5e/a/152106/code_masters/.venv/bin/python
Python 3.11.15
Sat May 23 16:01:38 2026       
+-----------------------------------------------------------------------------------------+
| NVIDIA-SMI 595.71.05              Driver Version: 595.71.05      CUDA Version: 13.2     |
+-----------------------------------------+------------------------+----------------------+
| GPU  Name                 Persistence-M | Bus-Id          Disp.A | Volatile Uncorr. ECC |
| Fan  Temp   Perf          Pwr:Usage/Cap |           Memory-Usage | GPU-Util  Compute M. |
|                                         |                        |               MIG M. |
|=========================================+========================+======================|
|   0  NVIDIA A100-PCIE-40GB          On  |   00000000:37:00.0 Off |                    0 |
| N/A   43C    P0             36W /  250W |       0MiB /  40960MiB |      0%   E. Process |
|                                         |                        |             Disabled |
+-----------------------------------------+------------------------+----------------------+

+-----------------------------------------------------------------------------------------+
| Processes:                                                                              |
|  GPU   GI   CI              PID   Type   Process name                        GPU Memory |
|        ID   ID                                                               Usage      |
|=========================================================================================|
|  No running processes found                                                             |
+-----------------------------------------------------------------------------------------+
torch.cuda.is_available(): True
device_name: cuda
devices arg: auto
в”Ҹв”Ғв”Ғв”Ғв”ів”Ғв”Ғв”Ғв”Ғв”Ғв”Ғв”Ғв”Ғв”Ғв”Ғв”Ғв”Ғв”Ғв”Ғв”Ғв”Ғв”Ғв”Ғв”Ғв”ів”Ғв”Ғв”Ғв”Ғв”Ғв”Ғв”Ғв”Ғв”Ғв”Ғв”Ғв”Ғв”Ғв”Ғв”Ғв”Ғв”Ғв”Ғв”Ғв”ів”Ғв”Ғв”Ғв”Ғв”Ғв”Ғв”Ғв”Ғв”ів”Ғв”Ғв”Ғв”Ғв”Ғв”Ғв”Ғв”ів”Ғв”Ғв”Ғв”Ғв”Ғв”Ғв”Ғв”“
в”ғ   в”ғ Name              в”ғ Type              в”ғ Params в”ғ Mode  в”ғ FLOPs в”ғ
в”Ўв”Ғв”Ғв”Ғв•Үв”Ғв”Ғв”Ғв”Ғв”Ғв”Ғв”Ғв”Ғв”Ғв”Ғв”Ғв”Ғв”Ғв”Ғв”Ғв”Ғв”Ғв”Ғв”Ғв•Үв”Ғв”Ғв”Ғв”Ғв”Ғв”Ғв”Ғв”Ғв”Ғв”Ғв”Ғв”Ғв”Ғв”Ғв”Ғв”Ғв”Ғв”Ғв”Ғв•Үв”Ғв”Ғв”Ғв”Ғв”Ғв”Ғв”Ғв”Ғв•Үв”Ғв”Ғв”Ғв”Ғв”Ғв”Ғв”Ғв•Үв”Ғв”Ғв”Ғв”Ғв”Ғв”Ғв”Ғв”©
в”Ӯ 0 в”Ӯ grid_embedder     в”Ӯ Sequential        в”Ӯ  4.7 K в”Ӯ train в”Ӯ     0 в”Ӯ
в”Ӯ 1 в”Ӯ g2m_embedder      в”Ӯ Sequential        в”Ӯ  4.5 K в”Ӯ train в”Ӯ     0 в”Ӯ
в”Ӯ 2 в”Ӯ m2g_embedder      в”Ӯ Sequential        в”Ӯ  4.5 K в”Ӯ train в”Ӯ     0 в”Ӯ
в”Ӯ 3 в”Ӯ g2m_gnn           в”Ӯ InteractionNet    в”Ӯ 29.2 K в”Ӯ train в”Ӯ     0 в”Ӯ
в”Ӯ 4 в”Ӯ encoding_grid_mlp в”Ӯ Sequential        в”Ӯ  8.4 K в”Ӯ train в”Ӯ     0 в”Ӯ
в”Ӯ 5 в”Ӯ m2g_gnn           в”Ӯ InteractionNet    в”Ӯ 29.2 K в”Ӯ train в”Ӯ     0 в”Ӯ
в”Ӯ 6 в”Ӯ output_map        в”Ӯ Sequential        в”Ӯ  4.2 K в”Ӯ train в”Ӯ     0 в”Ӯ
в”Ӯ 7 в”Ӯ mesh_embedder     в”Ӯ Sequential        в”Ӯ  4.5 K в”Ӯ train в”Ӯ     0 в”Ӯ
в”Ӯ 8 в”Ӯ m2m_embedder      в”Ӯ Sequential        в”Ӯ  4.5 K в”Ӯ train в”Ӯ     0 в”Ӯ
в”Ӯ 9 в”Ӯ processor         в”Ӯ Sequential_3fa1c3 в”Ӯ 29.2 K в”Ӯ train в”Ӯ     0 в”Ӯ
в””в”Җв”Җв”Җв”ҙв”Җв”Җв”Җв”Җв”Җв”Җв”Җв”Җв”Җв”Җв”Җв”Җв”Җв”Җв”Җв”Җв”Җв”Җв”Җв”ҙв”Җв”Җв”Җв”Җв”Җв”Җв”Җв”Җв”Җв”Җв”Җв”Җв”Җв”Җв”Җв”Җв”Җв”Җв”Җв”ҙв”Җв”Җв”Җв”Җв”Җв”Җв”Җв”Җв”ҙв”Җв”Җв”Җв”Җв”Җв”Җв”Җв”ҙв”Җв”Җв”Җв”Җв”Җв”Җв”Җв”ҳ
Trainable params: 123 K                                                         
Non-trainable params: 0                                                         
Total params: 123 K                                                             
Total estimated model params size (MB): 0                                       
Modules in train mode: 71                                                       
Modules in eval mode: 0                                                         
Total FLOPs: 0                                                                  
