/zhome/5e/a/152106/code_masters/.venv/bin/python
Python 3.11.15
Mon May 25 21:14:56 2026       
+-----------------------------------------------------------------------------------------+
| NVIDIA-SMI 580.159.04             Driver Version: 580.159.04     CUDA Version: 13.0     |
+-----------------------------------------+------------------------+----------------------+
| GPU  Name                 Persistence-M | Bus-Id          Disp.A | Volatile Uncorr. ECC |
| Fan  Temp   Perf          Pwr:Usage/Cap |           Memory-Usage | GPU-Util  Compute M. |
|                                         |                        |               MIG M. |
|=========================================+========================+======================|
|   0  Tesla V100-PCIE-32GB           On  |   00000000:58:00.0 Off |                    0 |
| N/A   37C    P0             43W /  250W |       0MiB /  32768MiB |      0%   E. Process |
|                                         |                        |                  N/A |
+-----------------------------------------+------------------------+----------------------+

+-----------------------------------------------------------------------------------------+
| Processes:                                                                              |
|  GPU   GI   CI              PID   Type   Process name                        GPU Memory |
|        ID   ID                                                               Usage      |
|=========================================================================================|
|  No running processes found                                                             |
+-----------------------------------------------------------------------------------------+
torch.cuda.is_available(): True
device_name: cuda
devices arg: auto
в”Ҹв”Ғв”Ғв”Ғв”ів”Ғв”Ғв”Ғв”Ғв”Ғв”Ғв”Ғв”Ғв”Ғв”Ғв”Ғв”Ғв”Ғв”Ғв”Ғв”Ғв”Ғв”Ғв”Ғв”ів”Ғв”Ғв”Ғв”Ғв”Ғв”Ғв”Ғв”Ғв”Ғв”Ғв”Ғв”Ғв”Ғв”Ғв”Ғв”Ғв”Ғв”Ғв”Ғв”ів”Ғв”Ғв”Ғв”Ғв”Ғв”Ғв”Ғв”Ғв”ів”Ғв”Ғв”Ғв”Ғв”Ғв”Ғв”Ғв”ів”Ғв”Ғв”Ғв”Ғв”Ғв”Ғв”Ғв”“
в”ғ   в”ғ Name              в”ғ Type              в”ғ Params в”ғ Mode  в”ғ FLOPs в”ғ
в”Ўв”Ғв”Ғв”Ғв•Үв”Ғв”Ғв”Ғв”Ғв”Ғв”Ғв”Ғв”Ғв”Ғв”Ғв”Ғв”Ғв”Ғв”Ғв”Ғв”Ғв”Ғв”Ғв”Ғв•Үв”Ғв”Ғв”Ғв”Ғв”Ғв”Ғв”Ғв”Ғв”Ғв”Ғв”Ғв”Ғв”Ғв”Ғв”Ғв”Ғв”Ғв”Ғв”Ғв•Үв”Ғв”Ғв”Ғв”Ғв”Ғв”Ғв”Ғв”Ғв•Үв”Ғв”Ғв”Ғв”Ғв”Ғв”Ғв”Ғв•Үв”Ғв”Ғв”Ғв”Ғв”Ғв”Ғв”Ғв”©
в”Ӯ 0 в”Ӯ grid_embedder     в”Ӯ Sequential        в”Ӯ  4.7 K в”Ӯ train в”Ӯ     0 в”Ӯ
в”Ӯ 1 в”Ӯ g2m_embedder      в”Ӯ Sequential        в”Ӯ  4.5 K в”Ӯ train в”Ӯ     0 в”Ӯ
в”Ӯ 2 в”Ӯ m2g_embedder      в”Ӯ Sequential        в”Ӯ  4.5 K в”Ӯ train в”Ӯ     0 в”Ӯ
в”Ӯ 3 в”Ӯ g2m_gnn           в”Ӯ InteractionNet    в”Ӯ 29.2 K в”Ӯ train в”Ӯ     0 в”Ӯ
в”Ӯ 4 в”Ӯ encoding_grid_mlp в”Ӯ Sequential        в”Ӯ  8.4 K в”Ӯ train в”Ӯ     0 в”Ӯ
в”Ӯ 5 в”Ӯ m2g_gnn           в”Ӯ InteractionNet    в”Ӯ 29.2 K в”Ӯ train в”Ӯ     0 в”Ӯ
в”Ӯ 6 в”Ӯ output_map        в”Ӯ Sequential        в”Ӯ  4.2 K в”Ӯ train в”Ӯ     0 в”Ӯ
в”Ӯ 7 в”Ӯ mesh_embedder     в”Ӯ Sequential        в”Ӯ  4.5 K в”Ӯ train в”Ӯ     0 в”Ӯ
в”Ӯ 8 в”Ӯ m2m_embedder      в”Ӯ Sequential        в”Ӯ  4.5 K в”Ӯ train в”Ӯ     0 в”Ӯ
в”Ӯ 9 в”Ӯ processor         в”Ӯ Sequential_16170c в”Ӯ  175 K в”Ӯ train в”Ӯ     0 в”Ӯ
в””в”Җв”Җв”Җв”ҙв”Җв”Җв”Җв”Җв”Җв”Җв”Җв”Җв”Җв”Җв”Җв”Җв”Җв”Җв”Җв”Җв”Җв”Җв”Җв”ҙв”Җв”Җв”Җв”Җв”Җв”Җв”Җв”Җв”Җв”Җв”Җв”Җв”Җв”Җв”Җв”Җв”Җв”Җв”Җв”ҙв”Җв”Җв”Җв”Җв”Җв”Җв”Җв”Җв”ҙв”Җв”Җв”Җв”Җв”Җв”Җв”Җв”ҙв”Җв”Җв”Җв”Җв”Җв”Җв”Җв”ҳ
Trainable params: 268 K                                                         
Non-trainable params: 0                                                         
Total params: 268 K                                                             
Total estimated model params size (MB): 1                                       
Modules in train mode: 131                                                      
Modules in eval mode: 0                                                         
Total FLOPs: 0                                                                  
Epoch 4/-2 в”Ғв”Ғв”Ғв”Ғв”Ғв”Ғв”Ғв”Ғв”Ғв”Ғв”Ғв”Ғв”Ғв”Ғв”Ғв”Ғ 1261/1261 0:03:23 вҖў       6.20it/s v_num: 7at3      
                                      0:00:00                  train_loss_step: 
                                                               0.000            
                                                               train_loss_epoch:
                                                               0.000            
Validation в”Ғв”Ғв”Ғв”Ғв”Ғв”Ғв”Ғв”Ғ         45/85     0:00:43 вҖў       1.04it/s                  
                                      0:00:39                                   
/zhome/5e/a/152106/code_masters/.venv/bin/python
Python 3.11.15
Mon May 25 22:26:07 2026       
+-----------------------------------------------------------------------------------------+
| NVIDIA-SMI 580.159.04             Driver Version: 580.159.04     CUDA Version: 13.0     |
+-----------------------------------------+------------------------+----------------------+
| GPU  Name                 Persistence-M | Bus-Id          Disp.A | Volatile Uncorr. ECC |
| Fan  Temp   Perf          Pwr:Usage/Cap |           Memory-Usage | GPU-Util  Compute M. |
|                                         |                        |               MIG M. |
|=========================================+========================+======================|
|   0  Tesla V100-PCIE-32GB           On  |   00000000:58:00.0 Off |                    0 |
| N/A   41C    P0             41W /  250W |       0MiB /  32768MiB |      0%   E. Process |
|                                         |                        |                  N/A |
+-----------------------------------------+------------------------+----------------------+

+-----------------------------------------------------------------------------------------+
| Processes:                                                                              |
|  GPU   GI   CI              PID   Type   Process name                        GPU Memory |
|        ID   ID                                                               Usage      |
|=========================================================================================|
|  No running processes found                                                             |
+-----------------------------------------------------------------------------------------+
torch.cuda.is_available(): True
device_name: cuda
devices arg: auto
в”Ҹв”Ғв”Ғв”Ғв”ів”Ғв”Ғв”Ғв”Ғв”Ғв”Ғв”Ғв”Ғв”Ғв”Ғв”Ғв”Ғв”Ғв”Ғв”Ғв”Ғв”Ғв”Ғв”Ғв”ів”Ғв”Ғв”Ғв”Ғв”Ғв”Ғв”Ғв”Ғв”Ғв”Ғв”Ғв”Ғв”Ғв”Ғв”Ғв”Ғв”Ғв”Ғв”Ғв”ів”Ғв”Ғв”Ғв”Ғв”Ғв”Ғв”Ғв”Ғв”ів”Ғв”Ғв”Ғв”Ғв”Ғв”Ғв”Ғв”ів”Ғв”Ғв”Ғв”Ғв”Ғв”Ғв”Ғв”“
в”ғ   в”ғ Name              в”ғ Type              в”ғ Params в”ғ Mode  в”ғ FLOPs в”ғ
в”Ўв”Ғв”Ғв”Ғв•Үв”Ғв”Ғв”Ғв”Ғв”Ғв”Ғв”Ғв”Ғв”Ғв”Ғв”Ғв”Ғв”Ғв”Ғв”Ғв”Ғв”Ғв”Ғв”Ғв•Үв”Ғв”Ғв”Ғв”Ғв”Ғв”Ғв”Ғв”Ғв”Ғв”Ғв”Ғв”Ғв”Ғв”Ғв”Ғв”Ғв”Ғв”Ғв”Ғв•Үв”Ғв”Ғв”Ғв”Ғв”Ғв”Ғв”Ғв”Ғв•Үв”Ғв”Ғв”Ғв”Ғв”Ғв”Ғв”Ғв•Үв”Ғв”Ғв”Ғв”Ғв”Ғв”Ғв”Ғв”©
в”Ӯ 0 в”Ӯ grid_embedder     в”Ӯ Sequential        в”Ӯ  4.7 K в”Ӯ train в”Ӯ     0 в”Ӯ
в”Ӯ 1 в”Ӯ g2m_embedder      в”Ӯ Sequential        в”Ӯ  4.5 K в”Ӯ train в”Ӯ     0 в”Ӯ
в”Ӯ 2 в”Ӯ m2g_embedder      в”Ӯ Sequential        в”Ӯ  4.5 K в”Ӯ train в”Ӯ     0 в”Ӯ
в”Ӯ 3 в”Ӯ g2m_gnn           в”Ӯ InteractionNet    в”Ӯ 29.2 K в”Ӯ train в”Ӯ     0 в”Ӯ
в”Ӯ 4 в”Ӯ encoding_grid_mlp в”Ӯ Sequential        в”Ӯ  8.4 K в”Ӯ train в”Ӯ     0 в”Ӯ
в”Ӯ 5 в”Ӯ m2g_gnn           в”Ӯ InteractionNet    в”Ӯ 29.2 K в”Ӯ train в”Ӯ     0 в”Ӯ
в”Ӯ 6 в”Ӯ output_map        в”Ӯ Sequential        в”Ӯ  4.2 K в”Ӯ train в”Ӯ     0 в”Ӯ
в”Ӯ 7 в”Ӯ mesh_embedder     в”Ӯ Sequential        в”Ӯ  4.5 K в”Ӯ train в”Ӯ     0 в”Ӯ
в”Ӯ 8 в”Ӯ m2m_embedder      в”Ӯ Sequential        в”Ӯ  4.5 K в”Ӯ train в”Ӯ     0 в”Ӯ
в”Ӯ 9 в”Ӯ processor         в”Ӯ Sequential_0ac3b3 в”Ӯ  175 K в”Ӯ train в”Ӯ     0 в”Ӯ
в””в”Җв”Җв”Җв”ҙв”Җв”Җв”Җв”Җв”Җв”Җв”Җв”Җв”Җв”Җв”Җв”Җв”Җв”Җв”Җв”Җв”Җв”Җв”Җв”ҙв”Җв”Җв”Җв”Җв”Җв”Җв”Җв”Җв”Җв”Җв”Җв”Җв”Җв”Җв”Җв”Җв”Җв”Җв”Җв”ҙв”Җв”Җв”Җв”Җв”Җв”Җв”Җв”Җв”ҙв”Җв”Җв”Җв”Җв”Җв”Җв”Җв”ҙв”Җв”Җв”Җв”Җв”Җв”Җв”Җв”ҳ
Trainable params: 268 K                                                         
Non-trainable params: 0                                                         
Total params: 268 K                                                             
Total estimated model params size (MB): 1                                       
Modules in train mode: 131                                                      
Modules in eval mode: 0                                                         
Total FLOPs: 0                                                                  
