/zhome/5e/a/152106/code_masters/.venv/lib/python3.11/site-packages/torch/cuda/__init__.py:61: FutureWarning: The pynvml package is deprecated. Please install nvidia-ml-py instead. If you did not install pynvml directly, please report this to the maintainers of the package that installed pynvml for you.
  import pynvml  # type: ignore[import]
Seed set to 42
2026-05-09 18:58:34.712 | WARNING  | neural_lam.datastore.mdp:__init__:69 - Config file has been modified since zarr was created. The old zarr archive (in GNN_training/one_wave/yaml_files/wave_75_train.zarr) will be used.To generate new zarr-archive, move the old one first.
2026-05-09 18:58:35.056 | INFO     | neural_lam.utils:log_on_rank_zero:457 - The loaded datastore contains the following features:
2026-05-09 18:58:35.057 | INFO     | neural_lam.utils:log_on_rank_zero:457 -  state   : u
/zhome/5e/a/152106/code_masters/neural-lam/neural_lam/datastore/mdp.py:210: UserWarning: no forcing or static data found in datastore
  warnings.warn("no forcing or static data found in datastore")
2026-05-09 18:58:35.060 | INFO     | neural_lam.utils:log_on_rank_zero:457 -  static  : x_static y_static z_static
2026-05-09 18:58:35.060 | INFO     | neural_lam.utils:log_on_rank_zero:457 - With the following splits (over time):
2026-05-09 18:58:35.118 | INFO     | neural_lam.utils:log_on_rank_zero:457 -  train   : 100 to 174
2026-05-09 18:58:35.142 | INFO     | neural_lam.utils:log_on_rank_zero:457 -  val     : 0 to 49
2026-05-09 18:58:35.166 | INFO     | neural_lam.utils:log_on_rank_zero:457 -  test    : 50 to 99
2026-05-09 18:58:35.830 | INFO     | neural_lam.utils:log_on_rank_zero:457 - Loaded graph with 5124 nodes (2562 grid, 2562 mesh)
2026-05-09 18:58:35.850 | INFO     | neural_lam.utils:log_on_rank_zero:457 - Edges in subgraphs: m2m=15360, g2m=2562, m2g=2562
2026-05-09 18:58:35.868 | INFO     | neural_lam.utils:setup_training_logger:514 - Wandb resume mode: None (id: None)
GPU available: True (cuda), used: True
TPU available: False, using: 0 TPU cores
💡 Tip: For seamless cloud logging and experiment tracking, try installing [litlogger](https://pypi.org/project/litlogger/) to enable LitLogger, which logs metrics and artifacts automatically to the Lightning Experiments platform.
wandb: WARNING The anonymous setting has no effect and will be removed in a future version.
wandb: [wandb.login()] Loaded credentials for https://api.wandb.ai from /zhome/5e/a/152106/.netrc.
wandb: Currently logged in as: s201205 (s201205-danmarks-tekniske-universitet-dtu) to https://api.wandb.ai. Use `wandb login --relogin` to force relogin
wandb: setting up run is38b9sa
wandb: Tracking run with wandb version 0.25.1
wandb: Run data is saved locally in wandb/run-20260509_185842-is38b9sa
wandb: Run `wandb offline` to turn off syncing.
wandb: Syncing run train_mp2
wandb: ⭐️ View project at https://wandb.ai/s201205-danmarks-tekniske-universitet-dtu/different_mp
wandb: 🚀 View run at https://wandb.ai/s201205-danmarks-tekniske-universitet-dtu/different_mp/runs/is38b9sa
/zhome/5e/a/152106/code_masters/neural-lam/neural_lam/datastore/mdp.py:295: UserWarning: no forcing or static data found in datastore
  warnings.warn("no forcing or static data found in datastore")
2026-05-09 18:58:46.061 | INFO     | neural_lam.weather_dataset:_precompute_samples:164 - Precomputing train samples in memory
2026-05-09 18:59:42.794 | INFO     | neural_lam.weather_dataset:_precompute_samples:284 - Precomputed arrays: init=(44700, 2, 2562, 1), target=(44700, 1, 2562, 1), forcing=(44700, 1, 2562, 0), times=(44700, 1)
/zhome/5e/a/152106/code_masters/neural-lam/neural_lam/datastore/mdp.py:295: UserWarning: no forcing or static data found in datastore
  warnings.warn("no forcing or static data found in datastore")
2026-05-09 18:59:42.879 | INFO     | neural_lam.weather_dataset:_precompute_samples:164 - Precomputing val samples in memory
2026-05-09 19:00:13.111 | INFO     | neural_lam.weather_dataset:_precompute_samples:284 - Precomputed arrays: init=(29350, 2, 2562, 1), target=(29350, 10, 2562, 1), forcing=(29350, 10, 2562, 0), times=(29350, 10)
LOCAL_RANK: 0 - CUDA_VISIBLE_DEVICES: [0]
/zhome/5e/a/152106/code_masters/.venv/lib/python3.11/site-packages/pytorch_lightning/utilities/_pytree.py:21: `isinstance(treespec, LeafSpec)` is deprecated, use `isinstance(treespec, TreeSpec) and treespec.is_leaf()` instead.
/zhome/5e/a/152106/code_masters/.venv/lib/python3.11/site-packages/pytorch_lightning/trainer/connectors/data_connector.py:434: The 'val_dataloader' does not have many workers which may be a bottleneck. Consider increasing the value of the `num_workers` argument` to `num_workers=3` in the `DataLoader` to improve performance.
/zhome/5e/a/152106/code_masters/.venv/lib/python3.11/site-packages/pytorch_lightning/utilities/_pytree.py:21: `isinstance(treespec, LeafSpec)` is deprecated, use `isinstance(treespec, TreeSpec) and treespec.is_leaf()` instead.
/zhome/5e/a/152106/code_masters/.venv/lib/python3.11/site-packages/pytorch_lightning/trainer/connectors/data_connector.py:434: The 'train_dataloader' does not have many workers which may be a bottleneck. Consider increasing the value of the `num_workers` argument` to `num_workers=3` in the `DataLoader` to improve performance.
`Trainer.fit` stopped: `max_epochs=200` reached.
/zhome/5e/a/152106/code_masters/.venv/lib/python3.11/site-packages/torch/cuda/__init__.py:61: FutureWarning: The pynvml package is deprecated. Please install nvidia-ml-py instead. If you did not install pynvml directly, please report this to the maintainers of the package that installed pynvml for you.
  import pynvml  # type: ignore[import]
Seed set to 42
2026-05-25 21:14:26.113 | INFO     | neural_lam.utils:log_on_rank_zero:457 - The loaded datastore contains the following features:
2026-05-25 21:14:26.113 | INFO     | neural_lam.utils:log_on_rank_zero:457 -  state   : u
/zhome/5e/a/152106/code_masters/neural-lam/neural_lam/datastore/mdp.py:210: UserWarning: no forcing or static data found in datastore
  warnings.warn("no forcing or static data found in datastore")
2026-05-25 21:14:26.127 | INFO     | neural_lam.utils:log_on_rank_zero:457 -  static  : x_static y_static z_static
2026-05-25 21:14:26.127 | INFO     | neural_lam.utils:log_on_rank_zero:457 - With the following splits (over time):
2026-05-25 21:14:26.253 | INFO     | neural_lam.utils:log_on_rank_zero:457 -  train   : 100 to 149
2026-05-25 21:14:26.270 | INFO     | neural_lam.utils:log_on_rank_zero:457 -  val     : 0 to 49
2026-05-25 21:14:26.285 | INFO     | neural_lam.utils:log_on_rank_zero:457 -  test    : 50 to 99
2026-05-25 21:14:28.255 | INFO     | neural_lam.utils:log_on_rank_zero:457 - Loaded graph with 5124 nodes (2562 grid, 2562 mesh)
2026-05-25 21:14:28.302 | INFO     | neural_lam.utils:log_on_rank_zero:457 - Edges in subgraphs: m2m=15360, g2m=2562, m2g=2562
2026-05-25 21:14:28.324 | INFO     | neural_lam.utils:setup_training_logger:514 - Wandb resume mode: None (id: None)
GPU available: True (cuda), used: True
TPU available: False, using: 0 TPU cores
💡 Tip: For seamless cloud logging and experiment tracking, try installing [litlogger](https://pypi.org/project/litlogger/) to enable LitLogger, which logs metrics and artifacts automatically to the Lightning Experiments platform.
wandb: WARNING The anonymous setting has no effect and will be removed in a future version.
wandb: [wandb.login()] Loaded credentials for https://api.wandb.ai from /zhome/5e/a/152106/.netrc.
wandb: Currently logged in as: s201205 (s201205-danmarks-tekniske-universitet-dtu) to https://api.wandb.ai. Use `wandb login --relogin` to force relogin
wandb: setting up run zfcze3os
wandb: Tracking run with wandb version 0.25.1
wandb: Run data is saved locally in wandb/run-20260525_211433-zfcze3os
wandb: Run `wandb offline` to turn off syncing.
wandb: Syncing run train_mp2
wandb: ⭐️ View project at https://wandb.ai/s201205-danmarks-tekniske-universitet-dtu/different_mp
wandb: 🚀 View run at https://wandb.ai/s201205-danmarks-tekniske-universitet-dtu/different_mp/runs/zfcze3os
/zhome/5e/a/152106/code_masters/neural-lam/neural_lam/datastore/mdp.py:295: UserWarning: no forcing or static data found in datastore
  warnings.warn("no forcing or static data found in datastore")
2026-05-25 21:14:43.773 | INFO     | neural_lam.weather_dataset:_precompute_samples:166 - Precomputing train samples in memory
2026-05-25 21:15:25.814 | INFO     | neural_lam.weather_dataset:_precompute_samples:297 - Precomputed arrays: init=(40350, 2, 2562, 1), target=(40350, 1, 2562, 1), forcing=(40350, 1, 2562, 0), times=(40350, 1)
/zhome/5e/a/152106/code_masters/neural-lam/neural_lam/datastore/mdp.py:295: UserWarning: no forcing or static data found in datastore
  warnings.warn("no forcing or static data found in datastore")
2026-05-25 21:15:25.880 | INFO     | neural_lam.weather_dataset:_precompute_samples:166 - Precomputing val samples in memory
2026-05-25 21:16:07.078 | INFO     | neural_lam.weather_dataset:_precompute_samples:297 - Precomputed arrays: init=(2700, 2, 2562, 1), target=(2700, 10, 2562, 1), forcing=(2700, 10, 2562, 0), times=(2700, 10)
LOCAL_RANK: 0 - CUDA_VISIBLE_DEVICES: [0]
/zhome/5e/a/152106/code_masters/.venv/lib/python3.11/site-packages/pytorch_lightning/utilities/_pytree.py:21: `isinstance(treespec, LeafSpec)` is deprecated, use `isinstance(treespec, TreeSpec) and treespec.is_leaf()` instead.
/zhome/5e/a/152106/code_masters/.venv/lib/python3.11/site-packages/pytorch_lightning/trainer/connectors/data_connector.py:434: The 'val_dataloader' does not have many workers which may be a bottleneck. Consider increasing the value of the `num_workers` argument` to `num_workers=3` in the `DataLoader` to improve performance.
/zhome/5e/a/152106/code_masters/.venv/lib/python3.11/site-packages/pytorch_lightning/utilities/_pytree.py:21: `isinstance(treespec, LeafSpec)` is deprecated, use `isinstance(treespec, TreeSpec) and treespec.is_leaf()` instead.
/zhome/5e/a/152106/code_masters/.venv/lib/python3.11/site-packages/pytorch_lightning/trainer/connectors/data_connector.py:434: The 'train_dataloader' does not have many workers which may be a bottleneck. Consider increasing the value of the `num_workers` argument` to `num_workers=3` in the `DataLoader` to improve performance.

Detected KeyboardInterrupt, attempting graceful shutdown ...
Exception ignored in atexit callback: <function _start_and_connect_service.<locals>.teardown_atexit at 0x7f7f409b98a0>
Traceback (most recent call last):
  File "/zhome/5e/a/152106/code_masters/.venv/lib/python3.11/site-packages/wandb/sdk/lib/service/service_connection.py", line 73, in teardown_atexit
    conn.teardown(hooks.exit_code)
  File "/zhome/5e/a/152106/code_masters/.venv/lib/python3.11/site-packages/wandb/sdk/lib/service/service_connection.py", line 344, in teardown
    self._asyncer.run(publish_teardown_and_close)
  File "/zhome/5e/a/152106/code_masters/.venv/lib/python3.11/site-packages/wandb/sdk/lib/asyncio_manager.py", line 137, in run
    return future.result()
           ^^^^^^^^^^^^^^^
  File "/zhome/5e/a/152106/.local/share/uv/python/cpython-3.11.15-linux-x86_64-gnu/lib/python3.11/concurrent/futures/_base.py", line 456, in result
    return self.__get_result()
           ^^^^^^^^^^^^^^^^^^^
  File "/zhome/5e/a/152106/.local/share/uv/python/cpython-3.11.15-linux-x86_64-gnu/lib/python3.11/concurrent/futures/_base.py", line 401, in __get_result
    raise self._exception
  File "/zhome/5e/a/152106/code_masters/.venv/lib/python3.11/site-packages/wandb/sdk/lib/asyncio_manager.py", line 220, in _wrap
    return await fn()
           ^^^^^^^^^^
  File "/zhome/5e/a/152106/code_masters/.venv/lib/python3.11/site-packages/wandb/sdk/lib/service/service_connection.py", line 335, in publish_teardown_and_close
    await self._client.publish(
  File "/zhome/5e/a/152106/code_masters/.venv/lib/python3.11/site-packages/wandb/sdk/lib/service/service_client.py", line 45, in publish
    await self._send_server_request(request)
  File "/zhome/5e/a/152106/code_masters/.venv/lib/python3.11/site-packages/wandb/sdk/lib/service/service_client.py", line 78, in _send_server_request
    raise self._broken_exc.with_traceback(self._broken_tb)
  File "/zhome/5e/a/152106/code_masters/.venv/lib/python3.11/site-packages/wandb/sdk/lib/service/service_client.py", line 87, in _send_server_request
    await self._drain_writer()
  File "/zhome/5e/a/152106/code_masters/.venv/lib/python3.11/site-packages/wandb/sdk/lib/service/service_client.py", line 96, in _drain_writer
    await self._writer.drain()
  File "/zhome/5e/a/152106/.local/share/uv/python/cpython-3.11.15-linux-x86_64-gnu/lib/python3.11/asyncio/streams.py", line 392, in drain
    await self._protocol._drain_helper()
  File "/zhome/5e/a/152106/.local/share/uv/python/cpython-3.11.15-linux-x86_64-gnu/lib/python3.11/asyncio/streams.py", line 166, in _drain_helper
    raise ConnectionResetError('Connection lost')
ConnectionResetError: Connection lost
Terminated
/zhome/5e/a/152106/code_masters/.venv/lib/python3.11/site-packages/torch/cuda/__init__.py:61: FutureWarning: The pynvml package is deprecated. Please install nvidia-ml-py instead. If you did not install pynvml directly, please report this to the maintainers of the package that installed pynvml for you.
  import pynvml  # type: ignore[import]
Seed set to 42
2026-05-25 22:19:52.329 | INFO     | neural_lam.utils:log_on_rank_zero:457 - The loaded datastore contains the following features:
2026-05-25 22:19:52.329 | INFO     | neural_lam.utils:log_on_rank_zero:457 -  state   : u
/zhome/5e/a/152106/code_masters/neural-lam/neural_lam/datastore/mdp.py:210: UserWarning: no forcing or static data found in datastore
  warnings.warn("no forcing or static data found in datastore")
2026-05-25 22:19:52.332 | INFO     | neural_lam.utils:log_on_rank_zero:457 -  static  : x_static y_static z_static
2026-05-25 22:19:52.332 | INFO     | neural_lam.utils:log_on_rank_zero:457 - With the following splits (over time):
2026-05-25 22:19:52.361 | INFO     | neural_lam.utils:log_on_rank_zero:457 -  train   : 100 to 174
2026-05-25 22:19:52.372 | INFO     | neural_lam.utils:log_on_rank_zero:457 -  val     : 0 to 49
2026-05-25 22:19:52.383 | INFO     | neural_lam.utils:log_on_rank_zero:457 -  test    : 50 to 99
2026-05-25 22:19:53.168 | INFO     | neural_lam.utils:log_on_rank_zero:457 - Loaded graph with 5124 nodes (2562 grid, 2562 mesh)
2026-05-25 22:19:53.183 | INFO     | neural_lam.utils:log_on_rank_zero:457 - Edges in subgraphs: m2m=15360, g2m=2562, m2g=2562
2026-05-25 22:19:53.195 | INFO     | neural_lam.utils:setup_training_logger:514 - Wandb resume mode: None (id: None)
GPU available: True (cuda), used: True
TPU available: False, using: 0 TPU cores
💡 Tip: For seamless cloud logging and experiment tracking, try installing [litlogger](https://pypi.org/project/litlogger/) to enable LitLogger, which logs metrics and artifacts automatically to the Lightning Experiments platform.
wandb: WARNING The anonymous setting has no effect and will be removed in a future version.
wandb: [wandb.login()] Loaded credentials for https://api.wandb.ai from /zhome/5e/a/152106/.netrc.
wandb: Currently logged in as: s201205 (s201205-danmarks-tekniske-universitet-dtu) to https://api.wandb.ai. Use `wandb login --relogin` to force relogin
wandb: setting up run spte9rf1
wandb: Tracking run with wandb version 0.25.1
wandb: Run data is saved locally in wandb/run-20260525_221957-spte9rf1
wandb: Run `wandb offline` to turn off syncing.
wandb: Syncing run train_mp2
wandb: ⭐️ View project at https://wandb.ai/s201205-danmarks-tekniske-universitet-dtu/different_mp
wandb: 🚀 View run at https://wandb.ai/s201205-danmarks-tekniske-universitet-dtu/different_mp/runs/spte9rf1
/zhome/5e/a/152106/code_masters/neural-lam/neural_lam/datastore/mdp.py:295: UserWarning: no forcing or static data found in datastore
  warnings.warn("no forcing or static data found in datastore")
2026-05-25 22:20:01.055 | INFO     | neural_lam.weather_dataset:_precompute_samples:166 - Precomputing train samples in memory
2026-05-25 22:21:16.695 | INFO     | neural_lam.weather_dataset:_precompute_samples:297 - Precomputed arrays: init=(60525, 2, 2562, 1), target=(60525, 1, 2562, 1), forcing=(60525, 1, 2562, 0), times=(60525, 1)
/zhome/5e/a/152106/code_masters/neural-lam/neural_lam/datastore/mdp.py:295: UserWarning: no forcing or static data found in datastore
  warnings.warn("no forcing or static data found in datastore")
2026-05-25 22:21:16.774 | INFO     | neural_lam.weather_dataset:_precompute_samples:166 - Precomputing val samples in memory
2026-05-25 22:21:53.296 | INFO     | neural_lam.weather_dataset:_precompute_samples:297 - Precomputed arrays: init=(2700, 2, 2562, 1), target=(2700, 10, 2562, 1), forcing=(2700, 10, 2562, 0), times=(2700, 10)
/zhome/5e/a/152106/code_masters/.venv/lib/python3.11/site-packages/pytorch_lightning/callbacks/model_checkpoint.py:881: Checkpoint directory /zhome/5e/a/152106/code_masters/saved_models/train_mp2 exists and is not empty.
LOCAL_RANK: 0 - CUDA_VISIBLE_DEVICES: [0]
/zhome/5e/a/152106/code_masters/.venv/lib/python3.11/site-packages/pytorch_lightning/utilities/_pytree.py:21: `isinstance(treespec, LeafSpec)` is deprecated, use `isinstance(treespec, TreeSpec) and treespec.is_leaf()` instead.
/zhome/5e/a/152106/code_masters/.venv/lib/python3.11/site-packages/pytorch_lightning/trainer/connectors/data_connector.py:434: The 'val_dataloader' does not have many workers which may be a bottleneck. Consider increasing the value of the `num_workers` argument` to `num_workers=3` in the `DataLoader` to improve performance.
/zhome/5e/a/152106/code_masters/.venv/lib/python3.11/site-packages/pytorch_lightning/utilities/_pytree.py:21: `isinstance(treespec, LeafSpec)` is deprecated, use `isinstance(treespec, TreeSpec) and treespec.is_leaf()` instead.
/zhome/5e/a/152106/code_masters/.venv/lib/python3.11/site-packages/pytorch_lightning/trainer/connectors/data_connector.py:434: The 'train_dataloader' does not have many workers which may be a bottleneck. Consider increasing the value of the `num_workers` argument` to `num_workers=3` in the `DataLoader` to improve performance.
`Trainer.fit` stopped: `max_steps=350000` reached.
