/zhome/5e/a/152106/code_masters/.venv/lib/python3.11/site-packages/torch/cuda/__init__.py:65: FutureWarning: The pynvml package is deprecated. Please install nvidia-ml-py instead. If you did not install pynvml directly, please report this to the maintainers of the package that installed pynvml for you.
  import pynvml  # type: ignore[import]
Seed set to 42
2026-04-29 21:51:01.454 | WARNING  | neural_lam.datastore.mdp:__init__:69 - Config file has been modified since zarr was created. The old zarr archive (in GNN_training/one_wave/yaml_files/wave_28_ts_600_g4_sigmamin_15.zarr) will be used.To generate new zarr-archive, move the old one first.
2026-04-29 21:51:01.592 | INFO     | neural_lam.utils:log_on_rank_zero:457 - The loaded datastore contains the following features:
2026-04-29 21:51:01.592 | INFO     | neural_lam.utils:log_on_rank_zero:457 -  state   : u
/zhome/5e/a/152106/code_masters/neural-lam/neural_lam/datastore/mdp.py:210: UserWarning: no forcing or static data found in datastore
  warnings.warn("no forcing or static data found in datastore")
2026-04-29 21:51:01.593 | INFO     | neural_lam.utils:log_on_rank_zero:457 -  static  : x_static y_static z_static
2026-04-29 21:51:01.593 | INFO     | neural_lam.utils:log_on_rank_zero:457 - With the following splits (over time):
2026-04-29 21:51:01.606 | INFO     | neural_lam.utils:log_on_rank_zero:457 -  train   : 0 to 19
2026-04-29 21:51:01.616 | INFO     | neural_lam.utils:log_on_rank_zero:457 -  val     : 20 to 23
2026-04-29 21:51:01.625 | INFO     | neural_lam.utils:log_on_rank_zero:457 -  test    : 24 to 27
2026-04-29 21:51:03.406 | INFO     | neural_lam.utils:log_on_rank_zero:457 - Loaded graph with 5124 nodes (2562 grid, 2562 mesh)
2026-04-29 21:51:03.413 | INFO     | neural_lam.utils:log_on_rank_zero:457 - Edges in subgraphs: m2m=15360, g2m=2562, m2g=2562
2026-04-29 21:51:03.425 | INFO     | neural_lam.utils:setup_training_logger:514 - Wandb resume mode: None (id: None)
GPU available: True (cuda), used: True
TPU available: False, using: 0 TPU cores
💡 Tip: For seamless cloud logging and experiment tracking, try installing [litlogger](https://pypi.org/project/litlogger/) to enable LitLogger, which logs metrics and artifacts automatically to the Lightning Experiments platform.
wandb: WARNING The anonymous setting has no effect and will be removed in a future version.
wandb: [wandb.login()] Loaded credentials for https://api.wandb.ai from /zhome/5e/a/152106/.netrc.
wandb: Currently logged in as: s201205 (s201205-danmarks-tekniske-universitet-dtu) to https://api.wandb.ai. Use `wandb login --relogin` to force relogin
wandb: setting up run 1ikm4qs2
wandb: Tracking run with wandb version 0.25.1
wandb: Run data is saved locally in wandb/run-20260429_215106-1ikm4qs2
wandb: Run `wandb offline` to turn off syncing.
wandb: Syncing run ar10_in_training_mp3
wandb: ⭐️ View project at https://wandb.ai/s201205-danmarks-tekniske-universitet-dtu/ar_in_training
wandb: 🚀 View run at https://wandb.ai/s201205-danmarks-tekniske-universitet-dtu/ar_in_training/runs/1ikm4qs2
/zhome/5e/a/152106/code_masters/neural-lam/neural_lam/datastore/mdp.py:295: UserWarning: no forcing or static data found in datastore
  warnings.warn("no forcing or static data found in datastore")
2026-04-29 21:51:08.712 | INFO     | neural_lam.weather_dataset:_precompute_samples:164 - Precomputing train samples in memory
2026-04-29 21:51:14.203 | INFO     | neural_lam.weather_dataset:_precompute_samples:284 - Precomputed arrays: init=(11760, 2, 2562, 1), target=(11760, 10, 2562, 1), forcing=(11760, 10, 2562, 0), times=(11760, 10)
/zhome/5e/a/152106/code_masters/neural-lam/neural_lam/datastore/mdp.py:295: UserWarning: no forcing or static data found in datastore
  warnings.warn("no forcing or static data found in datastore")
2026-04-29 21:51:14.258 | INFO     | neural_lam.weather_dataset:_precompute_samples:164 - Precomputing val samples in memory
2026-04-29 21:51:15.308 | INFO     | neural_lam.weather_dataset:_precompute_samples:284 - Precomputed arrays: init=(2352, 2, 2562, 1), target=(2352, 10, 2562, 1), forcing=(2352, 10, 2562, 0), times=(2352, 10)
LOCAL_RANK: 0 - CUDA_VISIBLE_DEVICES: [0]
/zhome/5e/a/152106/code_masters/.venv/lib/python3.11/site-packages/pytorch_lightning/utilities/_pytree.py:21: `isinstance(treespec, LeafSpec)` is deprecated, use `isinstance(treespec, TreeSpec) and treespec.is_leaf()` instead.
/zhome/5e/a/152106/code_masters/.venv/lib/python3.11/site-packages/pytorch_lightning/trainer/connectors/data_connector.py:434: The 'val_dataloader' does not have many workers which may be a bottleneck. Consider increasing the value of the `num_workers` argument` to `num_workers=9` in the `DataLoader` to improve performance.
2026-04-29 21:51:23.757 | ERROR    | __main__:<module>:415 - An error has been caught in function '<module>', process 'MainProcess' (2563936), thread 'MainThread' (140264587335488):
Traceback (most recent call last):

  File "/zhome/5e/a/152106/code_masters/.venv/lib/python3.11/site-packages/xarray/backends/file_manager.py", line 219, in _acquire_with_cache_info
    file = self._cache[self._key]
           │    │      │    └ [<function _open_scipy_netcdf at 0x7f90a8c325c0>, ('/zhome/5e/a/152106/code_masters/GNN_training\\one_wave\\nc_files\\wave_28...
           │    │      └ CachingFileManager(<function _open_scipy_netcdf at 0x7f90a8c325c0>, '/zhome/5e/a/152106/code_masters/GNN_training\\one_wave\\...
           │    └ <xarray.backends.lru_cache.LRUCache object at 0x7f908caad880>
           └ CachingFileManager(<function _open_scipy_netcdf at 0x7f90a8c325c0>, '/zhome/5e/a/152106/code_masters/GNN_training\\one_wave\\...
  File "/zhome/5e/a/152106/code_masters/.venv/lib/python3.11/site-packages/xarray/backends/lru_cache.py", line 56, in __getitem__
    value = self._cache[key]
            │    │      └ [<function _open_scipy_netcdf at 0x7f90a8c325c0>, ('/zhome/5e/a/152106/code_masters/GNN_training\\one_wave\\nc_files\\wave_28...
            │    └ <member '_cache' of 'LRUCache' objects>
            └ <xarray.backends.lru_cache.LRUCache object at 0x7f908caad880>

KeyError: [<function _open_scipy_netcdf at 0x7f90a8c325c0>, ('/zhome/5e/a/152106/code_masters/GNN_training\\one_wave\\nc_files\\wave_28_ts_600_g4_sigmamin_15.nc',), 'r', (('mmap', None), ('version', 2)), '453c62f2-fc3e-4121-8c31-b493d363a84a']


During handling of the above exception, another exception occurred:


Traceback (most recent call last):

  File "<frozen runpy>", line 198, in _run_module_as_main
  File "<frozen runpy>", line 88, in _run_code

> File "/zhome/5e/a/152106/code_masters/neural-lam/neural_lam/train_model.py", line 415, in <module>
    main()
    └ <function main at 0x7f9089667560>

  File "/zhome/5e/a/152106/code_masters/neural-lam/neural_lam/train_model.py", line 411, in main
    trainer.fit(model=model, datamodule=data_module, ckpt_path=args.load)
    │       │         │                 │                      │    └ None
    │       │         │                 │                      └ Namespace(config_path='GNN_training/one_wave/yaml_files/config_wave_28_ts_600_g4_sigmamin_15.yaml', model='graph_lam', seed=4...
    │       │         │                 └ <neural_lam.weather_dataset.WeatherDataModule object at 0x7f908afcf350>
    │       │         └ GraphLAM(
    │       │             (grid_embedder): Sequential(
    │       │               (0): Linear(in_features=5, out_features=64, bias=True)
    │       │               (1): SiLU()
    │       │               (2): ...
    │       └ <function Trainer.fit at 0x7f909c5e5080>
    └ <pytorch_lightning.trainer.trainer.Trainer object at 0x7f908959eed0>

  File "/zhome/5e/a/152106/code_masters/.venv/lib/python3.11/site-packages/pytorch_lightning/trainer/trainer.py", line 584, in fit
    call._call_and_handle_interrupt(
    │    └ <function _call_and_handle_interrupt at 0x7f909c6a9d00>
    └ <module 'pytorch_lightning.trainer.call' from '/zhome/5e/a/152106/code_masters/.venv/lib/python3.11/site-packages/pytorch_lig...
  File "/zhome/5e/a/152106/code_masters/.venv/lib/python3.11/site-packages/pytorch_lightning/trainer/call.py", line 49, in _call_and_handle_interrupt
    return trainer_fn(*args, **kwargs)
           │           │       └ {}
           │           └ (GraphLAM(
           │               (grid_embedder): Sequential(
           │                 (0): Linear(in_features=5, out_features=64, bias=True)
           │                 (1): SiLU()
           │                 (2):...
           └ <bound method Trainer._fit_impl of <pytorch_lightning.trainer.trainer.Trainer object at 0x7f908959eed0>>
  File "/zhome/5e/a/152106/code_masters/.venv/lib/python3.11/site-packages/pytorch_lightning/trainer/trainer.py", line 630, in _fit_impl
    self._run(model, ckpt_path=ckpt_path, weights_only=weights_only)
    │    │    │                │                       └ None
    │    │    │                └ None
    │    │    └ GraphLAM(
    │    │        (grid_embedder): Sequential(
    │    │          (0): Linear(in_features=5, out_features=64, bias=True)
    │    │          (1): SiLU()
    │    │          (2): ...
    │    └ <function Trainer._run at 0x7f909c5e59e0>
    └ <pytorch_lightning.trainer.trainer.Trainer object at 0x7f908959eed0>
  File "/zhome/5e/a/152106/code_masters/.venv/lib/python3.11/site-packages/pytorch_lightning/trainer/trainer.py", line 1079, in _run
    results = self._run_stage()
              │    └ <function Trainer._run_stage at 0x7f909c5e5b20>
              └ <pytorch_lightning.trainer.trainer.Trainer object at 0x7f908959eed0>
  File "/zhome/5e/a/152106/code_masters/.venv/lib/python3.11/site-packages/pytorch_lightning/trainer/trainer.py", line 1121, in _run_stage
    self._run_sanity_check()
    │    └ <function Trainer._run_sanity_check at 0x7f909c5e5bc0>
    └ <pytorch_lightning.trainer.trainer.Trainer object at 0x7f908959eed0>
  File "/zhome/5e/a/152106/code_masters/.venv/lib/python3.11/site-packages/pytorch_lightning/trainer/trainer.py", line 1150, in _run_sanity_check
    val_loop.run()
    │        └ <function _no_grad_context.<locals>._decorator at 0x7f909c569c60>
    └ <pytorch_lightning.loops.evaluation_loop._EvaluationLoop object at 0x7f9082b127d0>
  File "/zhome/5e/a/152106/code_masters/.venv/lib/python3.11/site-packages/pytorch_lightning/loops/utilities.py", line 179, in _decorator
    return loop_run(self, *args, **kwargs)
           │        │      │       └ {}
           │        │      └ ()
           │        └ <pytorch_lightning.loops.evaluation_loop._EvaluationLoop object at 0x7f9082b127d0>
           └ <function _EvaluationLoop.run at 0x7f909c569bc0>
  File "/zhome/5e/a/152106/code_masters/.venv/lib/python3.11/site-packages/pytorch_lightning/loops/evaluation_loop.py", line 153, in run
    return self.on_run_end()
           │    └ <function _EvaluationLoop.on_run_end at 0x7f909c56a160>
           └ <pytorch_lightning.loops.evaluation_loop._EvaluationLoop object at 0x7f9082b127d0>
  File "/zhome/5e/a/152106/code_masters/.venv/lib/python3.11/site-packages/pytorch_lightning/loops/evaluation_loop.py", line 296, in on_run_end
    self._on_evaluation_epoch_end()
    │    └ <function _EvaluationLoop._on_evaluation_epoch_end at 0x7f909c56a5c0>
    └ <pytorch_lightning.loops.evaluation_loop._EvaluationLoop object at 0x7f9082b127d0>
  File "/zhome/5e/a/152106/code_masters/.venv/lib/python3.11/site-packages/pytorch_lightning/loops/evaluation_loop.py", line 379, in _on_evaluation_epoch_end
    call._call_lightning_module_hook(trainer, hook_name)
    │    │                           │        └ 'on_validation_epoch_end'
    │    │                           └ <pytorch_lightning.trainer.trainer.Trainer object at 0x7f908959eed0>
    │    └ <function _call_lightning_module_hook at 0x7f909c6dcb80>
    └ <module 'pytorch_lightning.trainer.call' from '/zhome/5e/a/152106/code_masters/.venv/lib/python3.11/site-packages/pytorch_lig...
  File "/zhome/5e/a/152106/code_masters/.venv/lib/python3.11/site-packages/pytorch_lightning/trainer/call.py", line 177, in _call_lightning_module_hook
    output = fn(*args, **kwargs)
             │   │       └ {}
             │   └ ()
             └ <bound method ARModel.on_validation_epoch_end of GraphLAM(
                 (grid_embedder): Sequential(
                   (0): Linear(in_features=5, out_...

  File "/zhome/5e/a/152106/code_masters/neural-lam/neural_lam/models/ar_model.py", line 689, in on_validation_epoch_end
    figs = self._plot_prediction_snapshots(
           │    └ <function ARModel._plot_prediction_snapshots at 0x7f9089665c60>
           └ GraphLAM(
               (grid_embedder): Sequential(
                 (0): Linear(in_features=5, out_features=64, bias=True)
                 (1): SiLU()
                 (2): ...

  File "/zhome/5e/a/152106/code_masters/neural-lam/neural_lam/models/ar_model.py", line 1295, in _plot_prediction_snapshots
    ds_src = xr.open_dataset(wave_path)
             │  │            └ 'GNN_training\\one_wave\\nc_files\\wave_28_ts_600_g4_sigmamin_15.nc'
             │  └ <function open_dataset at 0x7f90a8a67420>
             └ <module 'xarray' from '/zhome/5e/a/152106/code_masters/.venv/lib/python3.11/site-packages/xarray/__init__.py'>

  File "/zhome/5e/a/152106/code_masters/.venv/lib/python3.11/site-packages/xarray/backends/api.py", line 607, in open_dataset
    backend_ds = backend.open_dataset(
                 │       └ <function ScipyBackendEntrypoint.open_dataset at 0x7f90a8a35c60>
                 └ <ScipyBackendEntrypoint>
                     Open netCDF files (.nc, .cdf and .nc.gz) using scipy in Xarray
                     Learn more at https://docs.xarray...
  File "/zhome/5e/a/152106/code_masters/.venv/lib/python3.11/site-packages/xarray/backends/scipy_.py", line 404, in open_dataset
    ds = store_entrypoint.open_dataset(
         │                └ <function StoreBackendEntrypoint.open_dataset at 0x7f90a8b9fd80>
         └ <StoreBackendEntrypoint>
             Open AbstractDataStore instances in Xarray
             Learn more at https://docs.xarray.dev/en/stable/gener...
  File "/zhome/5e/a/152106/code_masters/.venv/lib/python3.11/site-packages/xarray/backends/store.py", line 42, in open_dataset
    vars, attrs = filename_or_obj.load()
                  │               └ <function AbstractDataStore.load at 0x7f90a8b8e480>
                  └ <xarray.backends.scipy_.ScipyDataStore object at 0x7f90383c3f90>
  File "/zhome/5e/a/152106/code_masters/.venv/lib/python3.11/site-packages/xarray/backends/common.py", line 366, in load
    (_decode_variable_name(k), v) for k, v in self.get_variables().items()
     │                                        │    └ <function ScipyDataStore.get_variables at 0x7f90a8a35440>
     │                                        └ <xarray.backends.scipy_.ScipyDataStore object at 0x7f90383c3f90>
     └ <function _decode_variable_name at 0x7f90a8b8d940>
  File "/zhome/5e/a/152106/code_masters/.venv/lib/python3.11/site-packages/xarray/backends/scipy_.py", line 246, in get_variables
    (k, self.open_store_variable(k, v)) for k, v in self.ds.variables.items()
        │    │                                      │    └ <property object at 0x7f90a8bc5940>
        │    │                                      └ <xarray.backends.scipy_.ScipyDataStore object at 0x7f90383c3f90>
        │    └ <function ScipyDataStore.open_store_variable at 0x7f90a8a353a0>
        └ <xarray.backends.scipy_.ScipyDataStore object at 0x7f90383c3f90>
  File "/zhome/5e/a/152106/code_masters/.venv/lib/python3.11/site-packages/xarray/backends/scipy_.py", line 235, in ds
    return self._manager.acquire()
           │    │        └ <function CachingFileManager.acquire at 0x7f90a8b9dd00>
           │    └ CachingFileManager(<function _open_scipy_netcdf at 0x7f90a8c325c0>, '/zhome/5e/a/152106/code_masters/GNN_training\\one_wave\\...
           └ <xarray.backends.scipy_.ScipyDataStore object at 0x7f90383c3f90>
  File "/zhome/5e/a/152106/code_masters/.venv/lib/python3.11/site-packages/xarray/backends/file_manager.py", line 201, in acquire
    file, _ = self._acquire_with_cache_info(needs_lock)
              │    │                        └ True
              │    └ <function CachingFileManager._acquire_with_cache_info at 0x7f90a8b9dee0>
              └ CachingFileManager(<function _open_scipy_netcdf at 0x7f90a8c325c0>, '/zhome/5e/a/152106/code_masters/GNN_training\\one_wave\\...
  File "/zhome/5e/a/152106/code_masters/.venv/lib/python3.11/site-packages/xarray/backends/file_manager.py", line 225, in _acquire_with_cache_info
    file = self._opener(*self._args, **kwargs)
           │    │        │    │        └ {'mmap': None, 'version': 2, 'mode': 'r'}
           │    │        │    └ ('/zhome/5e/a/152106/code_masters/GNN_training\\one_wave\\nc_files\\wave_28_ts_600_g4_sigmamin_15.nc',)
           │    │        └ CachingFileManager(<function _open_scipy_netcdf at 0x7f90a8c325c0>, '/zhome/5e/a/152106/code_masters/GNN_training\\one_wave\\...
           │    └ <function _open_scipy_netcdf at 0x7f90a8c325c0>
           └ CachingFileManager(<function _open_scipy_netcdf at 0x7f90a8c325c0>, '/zhome/5e/a/152106/code_masters/GNN_training\\one_wave\\...
  File "/zhome/5e/a/152106/code_masters/.venv/lib/python3.11/site-packages/xarray/backends/scipy_.py", line 158, in _open_scipy_netcdf
    return netcdf_file(filename, mode=mode, mmap=mmap, version=version)
           │           │              │          │             └ 2
           │           │              │          └ None
           │           │              └ 'r'
           │           └ '/zhome/5e/a/152106/code_masters/GNN_training\\one_wave\\nc_files\\wave_28_ts_600_g4_sigmamin_15.nc'
           └ <class 'scipy.io._netcdf.netcdf_file'>
  File "/zhome/5e/a/152106/code_masters/.venv/lib/python3.11/site-packages/scipy/io/_netcdf.py", line 251, in __init__
    self.fp = open(self.filename, f'{omode}b')
    │              │    └ '/zhome/5e/a/152106/code_masters/GNN_training\\one_wave\\nc_files\\wave_28_ts_600_g4_sigmamin_15.nc'
    │              └ <scipy.io._netcdf.netcdf_file object at 0x7f9038152d90>
    └ <scipy.io._netcdf.netcdf_file object at 0x7f9038152d90>

FileNotFoundError: [Errno 2] No such file or directory: '/zhome/5e/a/152106/code_masters/GNN_training\\one_wave\\nc_files\\wave_28_ts_600_g4_sigmamin_15.nc'
Traceback (most recent call last):
  File "/zhome/5e/a/152106/code_masters/.venv/lib/python3.11/site-packages/xarray/backends/file_manager.py", line 219, in _acquire_with_cache_info
    file = self._cache[self._key]
           ~~~~~~~~~~~^^^^^^^^^^^
  File "/zhome/5e/a/152106/code_masters/.venv/lib/python3.11/site-packages/xarray/backends/lru_cache.py", line 56, in __getitem__
    value = self._cache[key]
            ~~~~~~~~~~~^^^^^
KeyError: [<function _open_scipy_netcdf at 0x7f90a8c325c0>, ('/zhome/5e/a/152106/code_masters/GNN_training\\one_wave\\nc_files\\wave_28_ts_600_g4_sigmamin_15.nc',), 'r', (('mmap', None), ('version', 2)), '453c62f2-fc3e-4121-8c31-b493d363a84a']

During handling of the above exception, another exception occurred:

Traceback (most recent call last):
  File "<frozen runpy>", line 198, in _run_module_as_main
  File "<frozen runpy>", line 88, in _run_code
  File "/zhome/5e/a/152106/code_masters/neural-lam/neural_lam/train_model.py", line 415, in <module>
    main()
  File "/zhome/5e/a/152106/code_masters/.venv/lib/python3.11/site-packages/loguru/_logger.py", line 1297, in catch_wrapper
    return function(*args, **kwargs)
           ^^^^^^^^^^^^^^^^^^^^^^^^^
  File "/zhome/5e/a/152106/code_masters/neural-lam/neural_lam/train_model.py", line 411, in main
    trainer.fit(model=model, datamodule=data_module, ckpt_path=args.load)
  File "/zhome/5e/a/152106/code_masters/.venv/lib/python3.11/site-packages/pytorch_lightning/trainer/trainer.py", line 584, in fit
    call._call_and_handle_interrupt(
  File "/zhome/5e/a/152106/code_masters/.venv/lib/python3.11/site-packages/pytorch_lightning/trainer/call.py", line 49, in _call_and_handle_interrupt
    return trainer_fn(*args, **kwargs)
           ^^^^^^^^^^^^^^^^^^^^^^^^^^^
  File "/zhome/5e/a/152106/code_masters/.venv/lib/python3.11/site-packages/pytorch_lightning/trainer/trainer.py", line 630, in _fit_impl
    self._run(model, ckpt_path=ckpt_path, weights_only=weights_only)
  File "/zhome/5e/a/152106/code_masters/.venv/lib/python3.11/site-packages/pytorch_lightning/trainer/trainer.py", line 1079, in _run
    results = self._run_stage()
              ^^^^^^^^^^^^^^^^^
  File "/zhome/5e/a/152106/code_masters/.venv/lib/python3.11/site-packages/pytorch_lightning/trainer/trainer.py", line 1121, in _run_stage
    self._run_sanity_check()
  File "/zhome/5e/a/152106/code_masters/.venv/lib/python3.11/site-packages/pytorch_lightning/trainer/trainer.py", line 1150, in _run_sanity_check
    val_loop.run()
  File "/zhome/5e/a/152106/code_masters/.venv/lib/python3.11/site-packages/pytorch_lightning/loops/utilities.py", line 179, in _decorator
    return loop_run(self, *args, **kwargs)
           ^^^^^^^^^^^^^^^^^^^^^^^^^^^^^^^
  File "/zhome/5e/a/152106/code_masters/.venv/lib/python3.11/site-packages/pytorch_lightning/loops/evaluation_loop.py", line 153, in run
    return self.on_run_end()
           ^^^^^^^^^^^^^^^^^
  File "/zhome/5e/a/152106/code_masters/.venv/lib/python3.11/site-packages/pytorch_lightning/loops/evaluation_loop.py", line 296, in on_run_end
    self._on_evaluation_epoch_end()
  File "/zhome/5e/a/152106/code_masters/.venv/lib/python3.11/site-packages/pytorch_lightning/loops/evaluation_loop.py", line 379, in _on_evaluation_epoch_end
    call._call_lightning_module_hook(trainer, hook_name)
  File "/zhome/5e/a/152106/code_masters/.venv/lib/python3.11/site-packages/pytorch_lightning/trainer/call.py", line 177, in _call_lightning_module_hook
    output = fn(*args, **kwargs)
             ^^^^^^^^^^^^^^^^^^^
  File "/zhome/5e/a/152106/code_masters/neural-lam/neural_lam/models/ar_model.py", line 689, in on_validation_epoch_end
    figs = self._plot_prediction_snapshots(
           ^^^^^^^^^^^^^^^^^^^^^^^^^^^^^^^^
  File "/zhome/5e/a/152106/code_masters/neural-lam/neural_lam/models/ar_model.py", line 1295, in _plot_prediction_snapshots
    ds_src = xr.open_dataset(wave_path)
             ^^^^^^^^^^^^^^^^^^^^^^^^^^
  File "/zhome/5e/a/152106/code_masters/.venv/lib/python3.11/site-packages/xarray/backends/api.py", line 607, in open_dataset
    backend_ds = backend.open_dataset(
                 ^^^^^^^^^^^^^^^^^^^^^
  File "/zhome/5e/a/152106/code_masters/.venv/lib/python3.11/site-packages/xarray/backends/scipy_.py", line 404, in open_dataset
    ds = store_entrypoint.open_dataset(
         ^^^^^^^^^^^^^^^^^^^^^^^^^^^^^^
  File "/zhome/5e/a/152106/code_masters/.venv/lib/python3.11/site-packages/xarray/backends/store.py", line 42, in open_dataset
    vars, attrs = filename_or_obj.load()
                  ^^^^^^^^^^^^^^^^^^^^^^
  File "/zhome/5e/a/152106/code_masters/.venv/lib/python3.11/site-packages/xarray/backends/common.py", line 366, in load
    (_decode_variable_name(k), v) for k, v in self.get_variables().items()
                                              ^^^^^^^^^^^^^^^^^^^^
  File "/zhome/5e/a/152106/code_masters/.venv/lib/python3.11/site-packages/xarray/backends/scipy_.py", line 246, in get_variables
    (k, self.open_store_variable(k, v)) for k, v in self.ds.variables.items()
                                                    ^^^^^^^
  File "/zhome/5e/a/152106/code_masters/.venv/lib/python3.11/site-packages/xarray/backends/scipy_.py", line 235, in ds
    return self._manager.acquire()
           ^^^^^^^^^^^^^^^^^^^^^^^
  File "/zhome/5e/a/152106/code_masters/.venv/lib/python3.11/site-packages/xarray/backends/file_manager.py", line 201, in acquire
    file, _ = self._acquire_with_cache_info(needs_lock)
              ^^^^^^^^^^^^^^^^^^^^^^^^^^^^^^^^^^^^^^^^^
  File "/zhome/5e/a/152106/code_masters/.venv/lib/python3.11/site-packages/xarray/backends/file_manager.py", line 225, in _acquire_with_cache_info
    file = self._opener(*self._args, **kwargs)
           ^^^^^^^^^^^^^^^^^^^^^^^^^^^^^^^^^^^
  File "/zhome/5e/a/152106/code_masters/.venv/lib/python3.11/site-packages/xarray/backends/scipy_.py", line 158, in _open_scipy_netcdf
    return netcdf_file(filename, mode=mode, mmap=mmap, version=version)
           ^^^^^^^^^^^^^^^^^^^^^^^^^^^^^^^^^^^^^^^^^^^^^^^^^^^^^^^^^^^^
  File "/zhome/5e/a/152106/code_masters/.venv/lib/python3.11/site-packages/scipy/io/_netcdf.py", line 251, in __init__
    self.fp = open(self.filename, f'{omode}b')
              ^^^^^^^^^^^^^^^^^^^^^^^^^^^^^^^^
FileNotFoundError: [Errno 2] No such file or directory: '/zhome/5e/a/152106/code_masters/GNN_training\\one_wave\\nc_files\\wave_28_ts_600_g4_sigmamin_15.nc'
