/zhome/5e/a/152106/code_masters/.venv/bin/python
Python 3.11.15
Thu Apr 30 08:45:04 2026       
+-----------------------------------------------------------------------------------------+
| NVIDIA-SMI 580.126.20             Driver Version: 580.126.20     CUDA Version: 13.0     |
+-----------------------------------------+------------------------+----------------------+
| GPU  Name                 Persistence-M | Bus-Id          Disp.A | Volatile Uncorr. ECC |
| Fan  Temp   Perf          Pwr:Usage/Cap |           Memory-Usage | GPU-Util  Compute M. |
|                                         |                        |               MIG M. |
|=========================================+========================+======================|
|   0  Tesla V100-SXM2-32GB           On  |   00000000:16:00.0 Off |                    0 |
| N/A   35C    P0             41W /  300W |       0MiB /  32768MiB |      0%   E. Process |
|                                         |                        |                  N/A |
+-----------------------------------------+------------------------+----------------------+

+-----------------------------------------------------------------------------------------+
| Processes:                                                                              |
|  GPU   GI   CI              PID   Type   Process name                        GPU Memory |
|        ID   ID                                                               Usage      |
|=========================================================================================|
|  No running processes found                                                             |
+-----------------------------------------------------------------------------------------+
torch.cuda.is_available(): True
device_name: cuda
devices arg: auto
┏━━━┳━━━━━━━━━━━━━━━━━━━┳━━━━━━━━━━━━━━━━━━━┳━━━━━━━━┳━━━━━━━┳━━━━━━━┓
┃   ┃ Name              ┃ Type              ┃ Params ┃ Mode  ┃ FLOPs ┃
┡━━━╇━━━━━━━━━━━━━━━━━━━╇━━━━━━━━━━━━━━━━━━━╇━━━━━━━━╇━━━━━━━╇━━━━━━━┩
│ 0 │ grid_embedder     │ Sequential        │  4.7 K │ train │     0 │
│ 1 │ g2m_embedder      │ Sequential        │  4.5 K │ train │     0 │
│ 2 │ m2g_embedder      │ Sequential        │  4.5 K │ train │     0 │
│ 3 │ g2m_gnn           │ InteractionNet    │ 29.2 K │ train │     0 │
│ 4 │ encoding_grid_mlp │ Sequential        │  8.4 K │ train │     0 │
│ 5 │ m2g_gnn           │ InteractionNet    │ 29.2 K │ train │     0 │
│ 6 │ output_map        │ Sequential        │  4.2 K │ train │     0 │
│ 7 │ mesh_embedder     │ Sequential        │  4.5 K │ train │     0 │
│ 8 │ m2m_embedder      │ Sequential        │  4.5 K │ train │     0 │
│ 9 │ processor         │ Sequential_30a0a3 │  291 K │ train │     0 │
└───┴───────────────────┴───────────────────┴────────┴───────┴───────┘
Trainable params: 385 K                                                         
Non-trainable params: 0                                                         
Total params: 385 K                                                             
Total estimated model params size (MB): 1                                       
Modules in train mode: 179                                                      
Modules in eval mode: 0                                                         
Total FLOPs: 0                                                                  
[train batch 50] avg inter-batch gap=0.0027s, avg compute=0.1295s
[train batch 100] avg inter-batch gap=0.0027s, avg compute=0.1295s
[train batch 150] avg inter-batch gap=0.0026s, avg compute=0.1295s
[train batch 200] avg inter-batch gap=0.0026s, avg compute=0.1295s
[train batch 250] avg inter-batch gap=0.0026s, avg compute=0.1295s
[train batch 300] avg inter-batch gap=0.0026s, avg compute=0.1294s
[train batch 350] avg inter-batch gap=0.0025s, avg compute=0.1295s
[epoch 0] epoch_time=198.11s, inter-batch gap=0.0026s, compute=0.1292s
[train batch 50] avg inter-batch gap=0.0025s, avg compute=0.1295s
[train batch 100] avg inter-batch gap=0.0033s, avg compute=0.1295s
[train batch 150] avg inter-batch gap=0.0034s, avg compute=0.1295s
[train batch 200] avg inter-batch gap=0.0033s, avg compute=0.1295s
[train batch 250] avg inter-batch gap=0.0035s, avg compute=0.1295s
[train batch 300] avg inter-batch gap=0.0031s, avg compute=0.1295s
[train batch 350] avg inter-batch gap=0.0027s, avg compute=0.1295s
[epoch 1] epoch_time=182.47s, inter-batch gap=0.0031s, compute=0.1293s
[train batch 50] avg inter-batch gap=0.0027s, avg compute=0.1294s
[train batch 100] avg inter-batch gap=0.0026s, avg compute=0.1294s
[train batch 150] avg inter-batch gap=0.0026s, avg compute=0.1294s
[train batch 200] avg inter-batch gap=0.0025s, avg compute=0.1294s
[train batch 250] avg inter-batch gap=0.0026s, avg compute=0.1294s
[train batch 300] avg inter-batch gap=0.0026s, avg compute=0.1294s
[train batch 350] avg inter-batch gap=0.0026s, avg compute=0.1294s
[epoch 2] epoch_time=182.20s, inter-batch gap=0.0026s, compute=0.1291s
[train batch 50] avg inter-batch gap=0.0026s, avg compute=0.1294s
[train batch 100] avg inter-batch gap=0.0026s, avg compute=0.1294s
[train batch 150] avg inter-batch gap=0.0026s, avg compute=0.1294s
[train batch 200] avg inter-batch gap=0.0025s, avg compute=0.1294s
[train batch 250] avg inter-batch gap=0.0026s, avg compute=0.1294s
[train batch 300] avg inter-batch gap=0.0026s, avg compute=0.1294s
[train batch 350] avg inter-batch gap=0.0026s, avg compute=0.1294s
[epoch 3] epoch_time=182.20s, inter-batch gap=0.0026s, compute=0.1291s
[train batch 50] avg inter-batch gap=0.0026s, avg compute=0.1294s
[train batch 100] avg inter-batch gap=0.0026s, avg compute=0.1294s
[train batch 150] avg inter-batch gap=0.0026s, avg compute=0.1294s
[train batch 200] avg inter-batch gap=0.0026s, avg compute=0.1295s
[train batch 250] avg inter-batch gap=0.0027s, avg compute=0.1295s
[train batch 300] avg inter-batch gap=0.0026s, avg compute=0.1294s
[train batch 350] avg inter-batch gap=0.0026s, avg compute=0.1294s
[epoch 4] epoch_time=182.24s, inter-batch gap=0.0026s, compute=0.1292s
[train batch 50] avg inter-batch gap=0.0026s, avg compute=0.1295s
[train batch 100] avg inter-batch gap=0.0026s, avg compute=0.1294s
[train batch 150] avg inter-batch gap=0.0026s, avg compute=0.1294s
[train batch 200] avg inter-batch gap=0.0026s, avg compute=0.1294s
[train batch 250] avg inter-batch gap=0.0026s, avg compute=0.1294s
[train batch 300] avg inter-batch gap=0.0026s, avg compute=0.1294s
[train batch 350] avg inter-batch gap=0.0026s, avg compute=0.1294s
[epoch 5] epoch_time=182.19s, inter-batch gap=0.0026s, compute=0.1292s
[train batch 50] avg inter-batch gap=0.0026s, avg compute=0.1294s
[train batch 100] avg inter-batch gap=0.0026s, avg compute=0.1294s
[train batch 150] avg inter-batch gap=0.0026s, avg compute=0.1294s
[train batch 200] avg inter-batch gap=0.0027s, avg compute=0.1294s
[train batch 250] avg inter-batch gap=0.0026s, avg compute=0.1294s
[train batch 300] avg inter-batch gap=0.0025s, avg compute=0.1294s
[train batch 350] avg inter-batch gap=0.0029s, avg compute=0.1295s
[epoch 6] epoch_time=182.26s, inter-batch gap=0.0027s, compute=0.1291s
[train batch 50] avg inter-batch gap=0.0025s, avg compute=0.1294s
[train batch 100] avg inter-batch gap=0.0025s, avg compute=0.1294s
[train batch 150] avg inter-batch gap=0.0026s, avg compute=0.1294s
[train batch 200] avg inter-batch gap=0.0026s, avg compute=0.1294s
[train batch 250] avg inter-batch gap=0.0026s, avg compute=0.1294s
[train batch 300] avg inter-batch gap=0.0026s, avg compute=0.1294s
[train batch 350] avg inter-batch gap=0.0026s, avg compute=0.1294s
[epoch 7] epoch_time=182.24s, inter-batch gap=0.0026s, compute=0.1291s
[train batch 50] avg inter-batch gap=0.0026s, avg compute=0.1294s
[train batch 100] avg inter-batch gap=0.0026s, avg compute=0.1295s
[train batch 150] avg inter-batch gap=0.0026s, avg compute=0.1294s
[train batch 200] avg inter-batch gap=0.0026s, avg compute=0.1295s
[train batch 250] avg inter-batch gap=0.0027s, avg compute=0.1294s
[train batch 300] avg inter-batch gap=0.0026s, avg compute=0.1294s
[train batch 350] avg inter-batch gap=0.0026s, avg compute=0.1294s
[epoch 8] epoch_time=182.24s, inter-batch gap=0.0026s, compute=0.1292s
[train batch 50] avg inter-batch gap=0.0026s, avg compute=0.1294s
[train batch 100] avg inter-batch gap=0.0026s, avg compute=0.1294s
[train batch 150] avg inter-batch gap=0.0026s, avg compute=0.1294s
[train batch 200] avg inter-batch gap=0.0026s, avg compute=0.1294s
[train batch 250] avg inter-batch gap=0.0026s, avg compute=0.1294s
[train batch 300] avg inter-batch gap=0.0026s, avg compute=0.1294s
[train batch 350] avg inter-batch gap=0.0026s, avg compute=0.1294s
[epoch 9] epoch_time=182.21s, inter-batch gap=0.0026s, compute=0.1291s
[train batch 50] avg inter-batch gap=0.0026s, avg compute=0.1294s
[train batch 100] avg inter-batch gap=0.0026s, avg compute=0.1294s
[train batch 150] avg inter-batch gap=0.0026s, avg compute=0.1294s
[train batch 200] avg inter-batch gap=0.0027s, avg compute=0.1295s
[train batch 250] avg inter-batch gap=0.0028s, avg compute=0.1295s
[train batch 300] avg inter-batch gap=0.0030s, avg compute=0.1295s
[train batch 350] avg inter-batch gap=0.0027s, avg compute=0.1294s
[epoch 10] epoch_time=197.87s, inter-batch gap=0.0027s, compute=0.1292s
[train batch 50] avg inter-batch gap=0.0028s, avg compute=0.1296s
[train batch 100] avg inter-batch gap=0.0035s, avg compute=0.1296s
[train batch 150] avg inter-batch gap=0.0027s, avg compute=0.1295s
[train batch 200] avg inter-batch gap=0.0025s, avg compute=0.1294s
[train batch 250] avg inter-batch gap=0.0026s, avg compute=0.1295s
[train batch 300] avg inter-batch gap=0.0026s, avg compute=0.1295s
[train batch 350] avg inter-batch gap=0.0026s, avg compute=0.1295s
[epoch 11] epoch_time=182.35s, inter-batch gap=0.0028s, compute=0.1292s
[train batch 50] avg inter-batch gap=0.0026s, avg compute=0.1294s
[train batch 100] avg inter-batch gap=0.0030s, avg compute=0.1295s
[train batch 150] avg inter-batch gap=0.0031s, avg compute=0.1295s
[train batch 200] avg inter-batch gap=0.0027s, avg compute=0.1295s
[train batch 250] avg inter-batch gap=0.0030s, avg compute=0.1295s
[train batch 300] avg inter-batch gap=0.0026s, avg compute=0.1294s
[train batch 350] avg inter-batch gap=0.0027s, avg compute=0.1295s
[epoch 12] epoch_time=182.34s, inter-batch gap=0.0028s, compute=0.1292s
[train batch 50] avg inter-batch gap=0.0038s, avg compute=0.1296s
[train batch 100] avg inter-batch gap=0.0037s, avg compute=0.1295s
[train batch 150] avg inter-batch gap=0.0036s, avg compute=0.1295s
[train batch 200] avg inter-batch gap=0.0035s, avg compute=0.1295s
[train batch 250] avg inter-batch gap=0.0035s, avg compute=0.1295s
[train batch 300] avg inter-batch gap=0.0027s, avg compute=0.1294s
[train batch 350] avg inter-batch gap=0.0028s, avg compute=0.1295s
[epoch 13] epoch_time=182.67s, inter-batch gap=0.0033s, compute=0.1292s
[train batch 50] avg inter-batch gap=0.0026s, avg compute=0.1294s
[train batch 100] avg inter-batch gap=0.0026s, avg compute=0.1294s
[train batch 150] avg inter-batch gap=0.0026s, avg compute=0.1294s
[train batch 200] avg inter-batch gap=0.0026s, avg compute=0.1294s
[train batch 250] avg inter-batch gap=0.0026s, avg compute=0.1294s
[train batch 300] avg inter-batch gap=0.0026s, avg compute=0.1294s
[train batch 350] avg inter-batch gap=0.0026s, avg compute=0.1295s
[epoch 14] epoch_time=182.25s, inter-batch gap=0.0026s, compute=0.1291s
[train batch 50] avg inter-batch gap=0.0026s, avg compute=0.1294s
[train batch 100] avg inter-batch gap=0.0027s, avg compute=0.1294s
[train batch 150] avg inter-batch gap=0.0026s, avg compute=0.1294s
[train batch 200] avg inter-batch gap=0.0026s, avg compute=0.1294s
[train batch 250] avg inter-batch gap=0.0026s, avg compute=0.1294s
[train batch 300] avg inter-batch gap=0.0026s, avg compute=0.1294s
[train batch 350] avg inter-batch gap=0.0026s, avg compute=0.1294s
[epoch 15] epoch_time=182.23s, inter-batch gap=0.0026s, compute=0.1291s
[train batch 50] avg inter-batch gap=0.0026s, avg compute=0.1294s
[train batch 100] avg inter-batch gap=0.0027s, avg compute=0.1294s
[train batch 150] avg inter-batch gap=0.0027s, avg compute=0.1294s
[train batch 200] avg inter-batch gap=0.0026s, avg compute=0.1294s
[train batch 250] avg inter-batch gap=0.0026s, avg compute=0.1294s
[train batch 300] avg inter-batch gap=0.0026s, avg compute=0.1294s
[train batch 350] avg inter-batch gap=0.0026s, avg compute=0.1294s
[epoch 16] epoch_time=182.26s, inter-batch gap=0.0026s, compute=0.1291s
[train batch 50] avg inter-batch gap=0.0034s, avg compute=0.1296s
[train batch 100] avg inter-batch gap=0.0034s, avg compute=0.1295s
[train batch 150] avg inter-batch gap=0.0035s, avg compute=0.1295s
[train batch 200] avg inter-batch gap=0.0026s, avg compute=0.1295s
[train batch 250] avg inter-batch gap=0.0026s, avg compute=0.1294s
[train batch 300] avg inter-batch gap=0.0034s, avg compute=0.1295s
[train batch 350] avg inter-batch gap=0.0035s, avg compute=0.1295s
[epoch 17] epoch_time=182.53s, inter-batch gap=0.0032s, compute=0.1292s
[train batch 50] avg inter-batch gap=0.0036s, avg compute=0.1296s
[train batch 100] avg inter-batch gap=0.0034s, avg compute=0.1296s
[train batch 150] avg inter-batch gap=0.0026s, avg compute=0.1294s
[train batch 200] avg inter-batch gap=0.0027s, avg compute=0.1294s
[train batch 250] avg inter-batch gap=0.0026s, avg compute=0.1294s
[train batch 300] avg inter-batch gap=0.0026s, avg compute=0.1294s
[train batch 350] avg inter-batch gap=0.0026s, avg compute=0.1294s
[epoch 18] epoch_time=182.35s, inter-batch gap=0.0028s, compute=0.1292s
[train batch 50] avg inter-batch gap=0.0026s, avg compute=0.1294s
[train batch 100] avg inter-batch gap=0.0026s, avg compute=0.1294s
[train batch 150] avg inter-batch gap=0.0026s, avg compute=0.1294s
[train batch 200] avg inter-batch gap=0.0027s, avg compute=0.1294s
[train batch 250] avg inter-batch gap=0.0027s, avg compute=0.1294s
[train batch 300] avg inter-batch gap=0.0026s, avg compute=0.1294s
[train batch 350] avg inter-batch gap=0.0027s, avg compute=0.1294s
[epoch 19] epoch_time=182.28s, inter-batch gap=0.0026s, compute=0.1291s
Epoch 19/99 ━━━━━━━━━━━━━━━━ 374/374 0:01:26 •        4.33it/s v_num: ayns      
                                     0:00:00                   train_loss_step: 
                                                               0.000            
                                                               train_loss_epoch:
                                                               0.000            
[1;34mwandb[0m: 
[1;34mwandb[0m: 🚀 View run [33mar1_in_training_mp10[0m at: [34mhttps://wandb.ai/s201205-danmarks-tekniske-universitet-dtu/ar_in_training/runs/v575ayns[0m
